D:\PEGASUS_WORK\KT_SYSTEM\GAMINGANYWHERE\GAMINGANYWHERE\GA\VS2010\MODULE-ASOURCE-SYSTEM\RELEASE\ASOURCE-SYSTEM.DLL.INTERMEDIATE.MANIFEST
D:\PEGASUS_WORK\KT_SYSTEM\GAMINGANYWHERE\GAMINGANYWHERE\GA\VS2010\MODULE-ASOURCE-SYSTEM\RELEASE\ASOURCE-SYSTEM.OBJ
D:\pegasus_work\KT_System\GamingAnywhere\GamingAnywhere\ga\vs2010\module-asource-system\Release\asource-system.write.1.tlog
D:\pegasus_work\KT_System\GamingAnywhere\GamingAnywhere\ga\vs2010\module-asource-system\Release\cl.command.1.tlog
D:\pegasus_work\KT_System\GamingAnywhere\GamingAnywhere\ga\vs2010\module-asource-system\Release\CL.read.1.tlog
D:\pegasus_work\KT_System\GamingAnywhere\GamingAnywhere\ga\vs2010\module-asource-system\Release\CL.write.1.tlog
D:\PEGASUS_WORK\KT_SYSTEM\GAMINGANYWHERE\GAMINGANYWHERE\GA\VS2010\MODULE-ASOURCE-SYSTEM\RELEASE\GA-WIN32-WASAPI.OBJ
D:\pegasus_work\KT_System\GamingAnywhere\GamingAnywhere\ga\vs2010\module-asource-system\Release\link.command.1.tlog
D:\pegasus_work\KT_System\GamingAnywhere\GamingAnywhere\ga\vs2010\module-asource-system\Release\link.read.1.tlog
D:\pegasus_work\KT_System\GamingAnywhere\GamingAnywhere\ga\vs2010\module-asource-system\Release\link.write.1.tlog
D:\pegasus_work\KT_System\GamingAnywhere\GamingAnywhere\ga\vs2010\module-asource-system\Release\mt.command.1.tlog
D:\pegasus_work\KT_System\GamingAnywhere\GamingAnywhere\ga\vs2010\module-asource-system\Release\mt.read.1.tlog
D:\pegasus_work\KT_System\GamingAnywhere\GamingAnywhere\ga\vs2010\module-asource-system\Release\mt.write.1.tlog
D:\PEGASUS_WORK\KT_SYSTEM\GAMINGANYWHERE\GAMINGANYWHERE\GA\VS2010\MODULE-ASOURCE-SYSTEM\RELEASE\VC100.PDB
D:\pegasus_work\KT_System\GamingAnywhere\GamingAnywhere\ga\vs2010\Release\asource-system.exp
D:\pegasus_work\KT_System\GamingAnywhere\GamingAnywhere\ga\vs2010\Release\asource-system.lib
D:\PEGASUS_WORK\KT_SYSTEM\GAMINGANYWHERE\GAMINGANYWHERE\GA\VS2010\RELEASE\ASOURCE-SYSTEM.PDB
D:\PEGASUS_WORK\KT_SYSTEM\GAMINGANYWHERE\GAMINGANYWHERE\GA\VS2010\RELEASE\MOD\ASOURCE-SYSTEM.DLL
D:\개발\GAMINGANYWHERE\GA\VS2010\MODULE-ASOURCE-SYSTEM\RELEASE\VC100.PDB
D:\개발\GamingAnyWhere\ga\vs2010\Release\asource-system.exp
D:\개발\GamingAnyWhere\ga\vs2010\Release\asource-system.lib
