D:\pegasus_work\KT_System\GamingAnywhere\GamingAnywhere\ga\vs2010\Debug\encoder-x264.pdb
D:\pegasus_work\KT_System\GamingAnywhere\GamingAnywhere\ga\vs2010\module-encoder-x264\Debug\cl.command.1.tlog
D:\pegasus_work\KT_System\GamingAnywhere\GamingAnywhere\ga\vs2010\module-encoder-x264\Debug\CL.read.1.tlog
D:\pegasus_work\KT_System\GamingAnywhere\GamingAnywhere\ga\vs2010\module-encoder-x264\Debug\CL.write.1.tlog
D:\pegasus_work\KT_System\GamingAnywhere\GamingAnywhere\ga\vs2010\module-encoder-x264\Debug\encoder-x264.dll.intermediate.manifest
D:\pegasus_work\KT_System\GamingAnywhere\GamingAnywhere\ga\vs2010\module-encoder-x264\Debug\encoder-x264.obj
D:\pegasus_work\KT_System\GamingAnywhere\GamingAnywhere\ga\vs2010\module-encoder-x264\Debug\encoder-x264.write.1.tlog
D:\pegasus_work\KT_System\GamingAnywhere\GamingAnywhere\ga\vs2010\module-encoder-x264\Debug\link.command.1.tlog
D:\pegasus_work\KT_System\GamingAnywhere\GamingAnywhere\ga\vs2010\module-encoder-x264\Debug\link.read.1.tlog
D:\pegasus_work\KT_System\GamingAnywhere\GamingAnywhere\ga\vs2010\module-encoder-x264\Debug\link.write.1.tlog
D:\pegasus_work\KT_System\GamingAnywhere\GamingAnywhere\ga\vs2010\module-encoder-x264\Debug\mt.command.1.tlog
D:\pegasus_work\KT_System\GamingAnywhere\GamingAnywhere\ga\vs2010\module-encoder-x264\Debug\mt.read.1.tlog
D:\pegasus_work\KT_System\GamingAnywhere\GamingAnywhere\ga\vs2010\module-encoder-x264\Debug\mt.write.1.tlog
D:\pegasus_work\KT_System\GamingAnywhere\GamingAnywhere\ga\vs2010\module-encoder-x264\Debug\vc100.idb
D:\pegasus_work\KT_System\GamingAnywhere\GamingAnywhere\ga\vs2010\module-encoder-x264\Debug\vc100.pdb
D:\개발\GamingAnyWhere\ga\vs2010\Debug\encoder-x264.exp
D:\개발\GamingAnyWhere\ga\vs2010\Debug\encoder-x264.lib
D:\개발\GAMINGANYWHERE\GA\VS2010\DEBUG\ENCODER-X264.PDB
D:\개발\GAMINGANYWHERE\GA\VS2010\DEBUG\MOD\ENCODER-X264.DLL
D:\개발\GAMINGANYWHERE\GA\VS2010\DEBUG\MOD\ENCODER-X264.ILK
D:\개발\GAMINGANYWHERE\GA\VS2010\MODULE-ENCODER-X264\DEBUG\ENCODER-X264.DLL.INTERMEDIATE.MANIFEST
D:\개발\GAMINGANYWHERE\GA\VS2010\MODULE-ENCODER-X264\DEBUG\ENCODER-X264.OBJ
D:\개발\GAMINGANYWHERE\GA\VS2010\MODULE-ENCODER-X264\DEBUG\VC100.PDB
