D:\pegasus_work\KT_System\GamingAnywhere\GamingAnywhere\ga\vs2010\module-vsource-desktop\Release\cl.command.1.tlog
D:\pegasus_work\KT_System\GamingAnywhere\GamingAnywhere\ga\vs2010\module-vsource-desktop\Release\CL.read.1.tlog
D:\pegasus_work\KT_System\GamingAnywhere\GamingAnywhere\ga\vs2010\module-vsource-desktop\Release\CL.write.1.tlog
D:\PEGASUS_WORK\KT_SYSTEM\GAMINGANYWHERE\GAMINGANYWHERE\GA\VS2010\MODULE-VSOURCE-DESKTOP\RELEASE\GA-WIN32-COMMON.OBJ
D:\PEGASUS_WORK\KT_SYSTEM\GAMINGANYWHERE\GAMINGANYWHERE\GA\VS2010\MODULE-VSOURCE-DESKTOP\RELEASE\GA-WIN32-GDI.OBJ
D:\pegasus_work\KT_System\GamingAnywhere\GamingAnywhere\ga\vs2010\module-vsource-desktop\Release\link.command.1.tlog
D:\pegasus_work\KT_System\GamingAnywhere\GamingAnywhere\ga\vs2010\module-vsource-desktop\Release\link.read.1.tlog
D:\pegasus_work\KT_System\GamingAnywhere\GamingAnywhere\ga\vs2010\module-vsource-desktop\Release\link.write.1.tlog
D:\pegasus_work\KT_System\GamingAnywhere\GamingAnywhere\ga\vs2010\module-vsource-desktop\Release\mt.command.1.tlog
D:\pegasus_work\KT_System\GamingAnywhere\GamingAnywhere\ga\vs2010\module-vsource-desktop\Release\mt.read.1.tlog
D:\pegasus_work\KT_System\GamingAnywhere\GamingAnywhere\ga\vs2010\module-vsource-desktop\Release\mt.write.1.tlog
D:\PEGASUS_WORK\KT_SYSTEM\GAMINGANYWHERE\GAMINGANYWHERE\GA\VS2010\MODULE-VSOURCE-DESKTOP\RELEASE\VC100.PDB
D:\PEGASUS_WORK\KT_SYSTEM\GAMINGANYWHERE\GAMINGANYWHERE\GA\VS2010\MODULE-VSOURCE-DESKTOP\RELEASE\VSOURCE-DESKTOP.DLL.INTERMEDIATE.MANIFEST
D:\PEGASUS_WORK\KT_SYSTEM\GAMINGANYWHERE\GAMINGANYWHERE\GA\VS2010\MODULE-VSOURCE-DESKTOP\RELEASE\VSOURCE-DESKTOP.OBJ
D:\pegasus_work\KT_System\GamingAnywhere\GamingAnywhere\ga\vs2010\module-vsource-desktop\Release\vsource-desktop.write.1.tlog
D:\PEGASUS_WORK\KT_SYSTEM\GAMINGANYWHERE\GAMINGANYWHERE\GA\VS2010\RELEASE\MOD\VSOURCE-DESKTOP.DLL
D:\pegasus_work\KT_System\GamingAnywhere\GamingAnywhere\ga\vs2010\Release\vsource-desktop.exp
D:\pegasus_work\KT_System\GamingAnywhere\GamingAnywhere\ga\vs2010\Release\vsource-desktop.lib
D:\PEGASUS_WORK\KT_SYSTEM\GAMINGANYWHERE\GAMINGANYWHERE\GA\VS2010\RELEASE\VSOURCE-DESKTOP.PDB
D:\개발\GAMINGANYWHERE\GA\VS2010\MODULE-VSOURCE-DESKTOP\RELEASE\VC100.PDB
D:\개발\GamingAnyWhere\ga\vs2010\Release\vsource-desktop.exp
D:\개발\GamingAnyWhere\ga\vs2010\Release\vsource-desktop.lib
