D:\pegasus_work\KT_System\GamingAnywhere\GamingAnywhere\ga\vs2010\module-server-ffmpeg\Release\cl.command.1.tlog
D:\pegasus_work\KT_System\GamingAnywhere\GamingAnywhere\ga\vs2010\module-server-ffmpeg\Release\CL.read.1.tlog
D:\pegasus_work\KT_System\GamingAnywhere\GamingAnywhere\ga\vs2010\module-server-ffmpeg\Release\CL.write.1.tlog
D:\pegasus_work\KT_System\GamingAnywhere\GamingAnywhere\ga\vs2010\module-server-ffmpeg\Release\link.command.1.tlog
D:\pegasus_work\KT_System\GamingAnywhere\GamingAnywhere\ga\vs2010\module-server-ffmpeg\Release\link.read.1.tlog
D:\pegasus_work\KT_System\GamingAnywhere\GamingAnywhere\ga\vs2010\module-server-ffmpeg\Release\link.write.1.tlog
D:\pegasus_work\KT_System\GamingAnywhere\GamingAnywhere\ga\vs2010\module-server-ffmpeg\Release\mt.command.1.tlog
D:\pegasus_work\KT_System\GamingAnywhere\GamingAnywhere\ga\vs2010\module-server-ffmpeg\Release\mt.read.1.tlog
D:\pegasus_work\KT_System\GamingAnywhere\GamingAnywhere\ga\vs2010\module-server-ffmpeg\Release\mt.write.1.tlog
D:\PEGASUS_WORK\KT_SYSTEM\GAMINGANYWHERE\GAMINGANYWHERE\GA\VS2010\MODULE-SERVER-FFMPEG\RELEASE\RTSPSERVER.OBJ
D:\PEGASUS_WORK\KT_SYSTEM\GAMINGANYWHERE\GAMINGANYWHERE\GA\VS2010\MODULE-SERVER-FFMPEG\RELEASE\SERVER-FFMPEG.DLL.INTERMEDIATE.MANIFEST
D:\PEGASUS_WORK\KT_SYSTEM\GAMINGANYWHERE\GAMINGANYWHERE\GA\VS2010\MODULE-SERVER-FFMPEG\RELEASE\SERVER-FFMPEG.OBJ
D:\pegasus_work\KT_System\GamingAnywhere\GamingAnywhere\ga\vs2010\module-server-ffmpeg\Release\server-ffmpeg.vcxprojResolveAssemblyReference.cache
D:\pegasus_work\KT_System\GamingAnywhere\GamingAnywhere\ga\vs2010\module-server-ffmpeg\Release\server-ffmpeg.write.1.tlog
D:\PEGASUS_WORK\KT_SYSTEM\GAMINGANYWHERE\GAMINGANYWHERE\GA\VS2010\MODULE-SERVER-FFMPEG\RELEASE\VC100.PDB
D:\PEGASUS_WORK\KT_SYSTEM\GAMINGANYWHERE\GAMINGANYWHERE\GA\VS2010\RELEASE\MOD\SERVER-FFMPEG.DLL
D:\pegasus_work\KT_System\GamingAnywhere\GamingAnywhere\ga\vs2010\Release\server-ffmpeg.exp
D:\pegasus_work\KT_System\GamingAnywhere\GamingAnywhere\ga\vs2010\Release\server-ffmpeg.lib
D:\PEGASUS_WORK\KT_SYSTEM\GAMINGANYWHERE\GAMINGANYWHERE\GA\VS2010\RELEASE\SERVER-FFMPEG.PDB
D:\개발\GAMINGANYWHERE\GA\VS2010\MODULE-SERVER-FFMPEG\RELEASE\VC100.PDB
D:\개발\GamingAnyWhere\ga\vs2010\Release\server-ffmpeg.exp
D:\개발\GamingAnyWhere\ga\vs2010\Release\server-ffmpeg.lib
