D:\pegasus_work\KT_System\GamingAnywhere\GamingAnywhere\ga\vs2010\module-vsource-desktop-d3d\Release\cl.command.1.tlog
D:\pegasus_work\KT_System\GamingAnywhere\GamingAnywhere\ga\vs2010\module-vsource-desktop-d3d\Release\CL.read.1.tlog
D:\pegasus_work\KT_System\GamingAnywhere\GamingAnywhere\ga\vs2010\module-vsource-desktop-d3d\Release\CL.write.1.tlog
D:\PEGASUS_WORK\KT_SYSTEM\GAMINGANYWHERE\GAMINGANYWHERE\GA\VS2010\MODULE-VSOURCE-DESKTOP-D3D\RELEASE\GA-WIN32-COMMON.OBJ
D:\PEGASUS_WORK\KT_SYSTEM\GAMINGANYWHERE\GAMINGANYWHERE\GA\VS2010\MODULE-VSOURCE-DESKTOP-D3D\RELEASE\GA-WIN32-D3D.OBJ
D:\pegasus_work\KT_System\GamingAnywhere\GamingAnywhere\ga\vs2010\module-vsource-desktop-d3d\Release\link.command.1.tlog
D:\pegasus_work\KT_System\GamingAnywhere\GamingAnywhere\ga\vs2010\module-vsource-desktop-d3d\Release\link.read.1.tlog
D:\pegasus_work\KT_System\GamingAnywhere\GamingAnywhere\ga\vs2010\module-vsource-desktop-d3d\Release\link.write.1.tlog
D:\pegasus_work\KT_System\GamingAnywhere\GamingAnywhere\ga\vs2010\module-vsource-desktop-d3d\Release\mt.command.1.tlog
D:\pegasus_work\KT_System\GamingAnywhere\GamingAnywhere\ga\vs2010\module-vsource-desktop-d3d\Release\mt.read.1.tlog
D:\pegasus_work\KT_System\GamingAnywhere\GamingAnywhere\ga\vs2010\module-vsource-desktop-d3d\Release\mt.write.1.tlog
D:\pegasus_work\KT_System\GamingAnywhere\GamingAnywhere\ga\vs2010\module-vsource-desktop-d3d\Release\vc100.pdb
D:\PEGASUS_WORK\KT_SYSTEM\GAMINGANYWHERE\GAMINGANYWHERE\GA\VS2010\MODULE-VSOURCE-DESKTOP-D3D\RELEASE\VSOURCE-DESKTOP.OBJ
D:\pegasus_work\KT_System\GamingAnywhere\GamingAnywhere\ga\vs2010\module-vsource-desktop-d3d\Release\vsource-desktop-d3d.dll.intermediate.manifest
D:\pegasus_work\KT_System\GamingAnywhere\GamingAnywhere\ga\vs2010\module-vsource-desktop-d3d\Release\vsource-desktop-d3d.write.1.tlog
D:\pegasus_work\KT_System\GamingAnywhere\GamingAnywhere\ga\vs2010\Release\vsource-desktop-d3d.pdb
D:\개발\GAMINGANYWHERE\GA\VS2010\MODULE-VSOURCE-DESKTOP-D3D\RELEASE\GA-WIN32-COMMON.OBJ
D:\개발\GAMINGANYWHERE\GA\VS2010\MODULE-VSOURCE-DESKTOP-D3D\RELEASE\GA-WIN32-D3D.OBJ
D:\개발\GAMINGANYWHERE\GA\VS2010\MODULE-VSOURCE-DESKTOP-D3D\RELEASE\VC100.PDB
D:\개발\GAMINGANYWHERE\GA\VS2010\MODULE-VSOURCE-DESKTOP-D3D\RELEASE\VSOURCE-DESKTOP.OBJ
D:\개발\GAMINGANYWHERE\GA\VS2010\MODULE-VSOURCE-DESKTOP-D3D\RELEASE\VSOURCE-DESKTOP-D3D.DLL.INTERMEDIATE.MANIFEST
D:\개발\GAMINGANYWHERE\GA\VS2010\RELEASE\MOD\VSOURCE-DESKTOP-D3D.DLL
D:\개발\GamingAnyWhere\ga\vs2010\Release\vsource-desktop-d3d.exp
D:\개발\GamingAnyWhere\ga\vs2010\Release\vsource-desktop-d3d.lib
D:\개발\GAMINGANYWHERE\GA\VS2010\RELEASE\VSOURCE-DESKTOP-D3D.PDB
