D:\pegasus_work\KT_System\GamingAnywhere\GamingAnywhere\ga\vs2010\Debug\server-ffmpeg.pdb
D:\pegasus_work\KT_System\GamingAnywhere\GamingAnywhere\ga\vs2010\module-server-ffmpeg\Debug\cl.command.1.tlog
D:\pegasus_work\KT_System\GamingAnywhere\GamingAnywhere\ga\vs2010\module-server-ffmpeg\Debug\CL.read.1.tlog
D:\pegasus_work\KT_System\GamingAnywhere\GamingAnywhere\ga\vs2010\module-server-ffmpeg\Debug\CL.write.1.tlog
D:\pegasus_work\KT_System\GamingAnywhere\GamingAnywhere\ga\vs2010\module-server-ffmpeg\Debug\link.command.1.tlog
D:\pegasus_work\KT_System\GamingAnywhere\GamingAnywhere\ga\vs2010\module-server-ffmpeg\Debug\link.read.1.tlog
D:\pegasus_work\KT_System\GamingAnywhere\GamingAnywhere\ga\vs2010\module-server-ffmpeg\Debug\link.write.1.tlog
D:\pegasus_work\KT_System\GamingAnywhere\GamingAnywhere\ga\vs2010\module-server-ffmpeg\Debug\mt.command.1.tlog
D:\pegasus_work\KT_System\GamingAnywhere\GamingAnywhere\ga\vs2010\module-server-ffmpeg\Debug\mt.read.1.tlog
D:\pegasus_work\KT_System\GamingAnywhere\GamingAnywhere\ga\vs2010\module-server-ffmpeg\Debug\mt.write.1.tlog
D:\pegasus_work\KT_System\GamingAnywhere\GamingAnywhere\ga\vs2010\module-server-ffmpeg\Debug\rtspserver.obj
D:\pegasus_work\KT_System\GamingAnywhere\GamingAnywhere\ga\vs2010\module-server-ffmpeg\Debug\server-ffmpeg.dll.intermediate.manifest
D:\pegasus_work\KT_System\GamingAnywhere\GamingAnywhere\ga\vs2010\module-server-ffmpeg\Debug\server-ffmpeg.obj
D:\pegasus_work\KT_System\GamingAnywhere\GamingAnywhere\ga\vs2010\module-server-ffmpeg\Debug\server-ffmpeg.write.1.tlog
D:\pegasus_work\KT_System\GamingAnywhere\GamingAnywhere\ga\vs2010\module-server-ffmpeg\Debug\vc100.idb
D:\pegasus_work\KT_System\GamingAnywhere\GamingAnywhere\ga\vs2010\module-server-ffmpeg\Debug\vc100.pdb
D:\개발\GAMINGANYWHERE\GA\VS2010\DEBUG\MOD\SERVER-FFMPEG.DLL
D:\개발\GAMINGANYWHERE\GA\VS2010\DEBUG\MOD\SERVER-FFMPEG.ILK
D:\개발\GamingAnyWhere\ga\vs2010\Debug\server-ffmpeg.exp
D:\개발\GamingAnyWhere\ga\vs2010\Debug\server-ffmpeg.lib
D:\개발\GAMINGANYWHERE\GA\VS2010\DEBUG\SERVER-FFMPEG.PDB
D:\개발\GAMINGANYWHERE\GA\VS2010\MODULE-SERVER-FFMPEG\DEBUG\RTSPSERVER.OBJ
D:\개발\GAMINGANYWHERE\GA\VS2010\MODULE-SERVER-FFMPEG\DEBUG\SERVER-FFMPEG.DLL.INTERMEDIATE.MANIFEST
D:\개발\GAMINGANYWHERE\GA\VS2010\MODULE-SERVER-FFMPEG\DEBUG\SERVER-FFMPEG.OBJ
D:\개발\GAMINGANYWHERE\GA\VS2010\MODULE-SERVER-FFMPEG\DEBUG\VC100.PDB
