D:\pegasus_work\KT_System\GamingAnywhere\GamingAnywhere\ga\vs2010\Debug\filter-rgb2yuv.pdb
D:\pegasus_work\KT_System\GamingAnywhere\GamingAnywhere\ga\vs2010\module-filter-rgb2yuv\Debug\cl.command.1.tlog
D:\pegasus_work\KT_System\GamingAnywhere\GamingAnywhere\ga\vs2010\module-filter-rgb2yuv\Debug\CL.read.1.tlog
D:\pegasus_work\KT_System\GamingAnywhere\GamingAnywhere\ga\vs2010\module-filter-rgb2yuv\Debug\CL.write.1.tlog
D:\pegasus_work\KT_System\GamingAnywhere\GamingAnywhere\ga\vs2010\module-filter-rgb2yuv\Debug\filter-rgb2yuv.dll.intermediate.manifest
D:\pegasus_work\KT_System\GamingAnywhere\GamingAnywhere\ga\vs2010\module-filter-rgb2yuv\Debug\filter-rgb2yuv.obj
D:\pegasus_work\KT_System\GamingAnywhere\GamingAnywhere\ga\vs2010\module-filter-rgb2yuv\Debug\filter-rgb2yuv.write.1.tlog
D:\pegasus_work\KT_System\GamingAnywhere\GamingAnywhere\ga\vs2010\module-filter-rgb2yuv\Debug\link.command.1.tlog
D:\pegasus_work\KT_System\GamingAnywhere\GamingAnywhere\ga\vs2010\module-filter-rgb2yuv\Debug\link.read.1.tlog
D:\pegasus_work\KT_System\GamingAnywhere\GamingAnywhere\ga\vs2010\module-filter-rgb2yuv\Debug\link.write.1.tlog
D:\pegasus_work\KT_System\GamingAnywhere\GamingAnywhere\ga\vs2010\module-filter-rgb2yuv\Debug\mt.command.1.tlog
D:\pegasus_work\KT_System\GamingAnywhere\GamingAnywhere\ga\vs2010\module-filter-rgb2yuv\Debug\mt.read.1.tlog
D:\pegasus_work\KT_System\GamingAnywhere\GamingAnywhere\ga\vs2010\module-filter-rgb2yuv\Debug\mt.write.1.tlog
D:\pegasus_work\KT_System\GamingAnywhere\GamingAnywhere\ga\vs2010\module-filter-rgb2yuv\Debug\vc100.idb
D:\pegasus_work\KT_System\GamingAnywhere\GamingAnywhere\ga\vs2010\module-filter-rgb2yuv\Debug\vc100.pdb
D:\개발\GamingAnyWhere\ga\vs2010\Debug\filter-rgb2yuv.exp
D:\개발\GamingAnyWhere\ga\vs2010\Debug\filter-rgb2yuv.lib
D:\개발\GAMINGANYWHERE\GA\VS2010\DEBUG\FILTER-RGB2YUV.PDB
D:\개발\GAMINGANYWHERE\GA\VS2010\DEBUG\MOD\FILTER-RGB2YUV.DLL
D:\개발\GAMINGANYWHERE\GA\VS2010\DEBUG\MOD\FILTER-RGB2YUV.ILK
D:\개발\GAMINGANYWHERE\GA\VS2010\MODULE-FILTER-RGB2YUV\DEBUG\FILTER-RGB2YUV.DLL.INTERMEDIATE.MANIFEST
D:\개발\GAMINGANYWHERE\GA\VS2010\MODULE-FILTER-RGB2YUV\DEBUG\FILTER-RGB2YUV.OBJ
D:\개발\GAMINGANYWHERE\GA\VS2010\MODULE-FILTER-RGB2YUV\DEBUG\VC100.PDB
