D:\pegasus_work\KT_System\GamingAnywhere\GamingAnywhere\ga\vs2010\Debug\ctrl-sdl.pdb
D:\pegasus_work\KT_System\GamingAnywhere\GamingAnywhere\ga\vs2010\module-ctrl-sdl\Debug\cl.command.1.tlog
D:\pegasus_work\KT_System\GamingAnywhere\GamingAnywhere\ga\vs2010\module-ctrl-sdl\Debug\CL.read.1.tlog
D:\pegasus_work\KT_System\GamingAnywhere\GamingAnywhere\ga\vs2010\module-ctrl-sdl\Debug\CL.write.1.tlog
D:\pegasus_work\KT_System\GamingAnywhere\GamingAnywhere\ga\vs2010\module-ctrl-sdl\Debug\ctrl-sdl.dll.intermediate.manifest
D:\pegasus_work\KT_System\GamingAnywhere\GamingAnywhere\ga\vs2010\module-ctrl-sdl\Debug\ctrl-sdl.obj
D:\pegasus_work\KT_System\GamingAnywhere\GamingAnywhere\ga\vs2010\module-ctrl-sdl\Debug\ctrl-sdl.write.1.tlog
D:\pegasus_work\KT_System\GamingAnywhere\GamingAnywhere\ga\vs2010\module-ctrl-sdl\Debug\link.command.1.tlog
D:\pegasus_work\KT_System\GamingAnywhere\GamingAnywhere\ga\vs2010\module-ctrl-sdl\Debug\link.read.1.tlog
D:\pegasus_work\KT_System\GamingAnywhere\GamingAnywhere\ga\vs2010\module-ctrl-sdl\Debug\link.write.1.tlog
D:\pegasus_work\KT_System\GamingAnywhere\GamingAnywhere\ga\vs2010\module-ctrl-sdl\Debug\mt.command.1.tlog
D:\pegasus_work\KT_System\GamingAnywhere\GamingAnywhere\ga\vs2010\module-ctrl-sdl\Debug\mt.read.1.tlog
D:\pegasus_work\KT_System\GamingAnywhere\GamingAnywhere\ga\vs2010\module-ctrl-sdl\Debug\mt.write.1.tlog
D:\pegasus_work\KT_System\GamingAnywhere\GamingAnywhere\ga\vs2010\module-ctrl-sdl\Debug\vc100.idb
D:\pegasus_work\KT_System\GamingAnywhere\GamingAnywhere\ga\vs2010\module-ctrl-sdl\Debug\vc100.pdb
D:\개발\GamingAnyWhere\ga\vs2010\Debug\ctrl-sdl.exp
D:\개발\GamingAnyWhere\ga\vs2010\Debug\ctrl-sdl.lib
D:\개발\GAMINGANYWHERE\GA\VS2010\DEBUG\CTRL-SDL.PDB
D:\개발\GAMINGANYWHERE\GA\VS2010\DEBUG\MOD\CTRL-SDL.DLL
D:\개발\GAMINGANYWHERE\GA\VS2010\DEBUG\MOD\CTRL-SDL.ILK
D:\개발\GAMINGANYWHERE\GA\VS2010\MODULE-CTRL-SDL\DEBUG\CTRL-SDL.DLL.INTERMEDIATE.MANIFEST
D:\개발\GAMINGANYWHERE\GA\VS2010\MODULE-CTRL-SDL\DEBUG\CTRL-SDL.OBJ
D:\개발\GAMINGANYWHERE\GA\VS2010\MODULE-CTRL-SDL\DEBUG\VC100.PDB
