  server-live555.cpp
  ga-videolivesource.cpp
  ga-qossink.cpp
  ga-mediasubsession.cpp
  ga-liveserver.cpp
  ga-audiolivesource.cpp
  코드를 생성하고 있습니다...
C:\Program Files (x86)\MSBuild\Microsoft.Cpp\v4.0\Microsoft.CppBuild.targets(990,5): warning MSB8012: TargetPath(D:\pegasus_work\KT_System\GamingAnywhere\GamingAnywhere\ga\vs2010\Debug\server-live555.dll)이(가) Linker의 OutputFile 속성 값(D:\pegasus_work\KT_System\GamingAnywhere\GamingAnywhere\ga\vs2010\Debug\mod\server-live555.dll)과 일치하지 않습니다. 이로 인해 프로젝트가 잘못 빌드될 수 있습니다. 이를 수정하려면 $(OutDir), $(TargetName) 및 $(TargetExt) 속성 값이 %(Link.OutputFile)에 지정된 값과 일치해야 합니다.
     D:\pegasus_work\KT_System\GamingAnywhere\GamingAnywhere\ga\vs2010\Debug\server-live555.lib 라이브러리 및 D:\pegasus_work\KT_System\GamingAnywhere\GamingAnywhere\ga\vs2010\Debug\server-live555.exp 개체를 생성하고 있습니다.
libliveMedia.d.lib(Media.obj) : warning LNK4099: 'vc100.pdb' PDB를 'libliveMedia.d.lib(Media.obj)' 또는 'D:\pegasus_work\KT_System\GamingAnywhere\GamingAnywhere\ga\vs2010\Debug\vc100.pdb'에서 찾을 수 없습니다. 디버그 정보가 없는 것처럼 개체를 링크합니다.
libliveMedia.d.lib(MediaSource.obj) : warning LNK4099: 'vc100.pdb' PDB를 'libliveMedia.d.lib(MediaSource.obj)' 또는 'D:\pegasus_work\KT_System\GamingAnywhere\GamingAnywhere\ga\vs2010\Debug\vc100.pdb'에서 찾을 수 없습니다. 디버그 정보가 없는 것처럼 개체를 링크합니다.
libliveMedia.d.lib(FramedSource.obj) : warning LNK4099: 'vc100.pdb' PDB를 'libliveMedia.d.lib(FramedSource.obj)' 또는 'D:\pegasus_work\KT_System\GamingAnywhere\GamingAnywhere\ga\vs2010\Debug\vc100.pdb'에서 찾을 수 없습니다. 디버그 정보가 없는 것처럼 개체를 링크합니다.
libliveMedia.d.lib(FramedFilter.obj) : warning LNK4099: 'vc100.pdb' PDB를 'libliveMedia.d.lib(FramedFilter.obj)' 또는 'D:\pegasus_work\KT_System\GamingAnywhere\GamingAnywhere\ga\vs2010\Debug\vc100.pdb'에서 찾을 수 없습니다. 디버그 정보가 없는 것처럼 개체를 링크합니다.
libliveMedia.d.lib(BasicUDPSource.obj) : warning LNK4099: 'vc100.pdb' PDB를 'libliveMedia.d.lib(BasicUDPSource.obj)' 또는 'D:\pegasus_work\KT_System\GamingAnywhere\GamingAnywhere\ga\vs2010\Debug\vc100.pdb'에서 찾을 수 없습니다. 디버그 정보가 없는 것처럼 개체를 링크합니다.
libliveMedia.d.lib(MPEGVideoStreamFramer.obj) : warning LNK4099: 'vc100.pdb' PDB를 'libliveMedia.d.lib(MPEGVideoStreamFramer.obj)' 또는 'D:\pegasus_work\KT_System\GamingAnywhere\GamingAnywhere\ga\vs2010\Debug\vc100.pdb'에서 찾을 수 없습니다. 디버그 정보가 없는 것처럼 개체를 링크합니다.
libliveMedia.d.lib(MPEG1or2VideoStreamFramer.obj) : warning LNK4099: 'vc100.pdb' PDB를 'libliveMedia.d.lib(MPEG1or2VideoStreamFramer.obj)' 또는 'D:\pegasus_work\KT_System\GamingAnywhere\GamingAnywhere\ga\vs2010\Debug\vc100.pdb'에서 찾을 수 없습니다. 디버그 정보가 없는 것처럼 개체를 링크합니다.
libliveMedia.d.lib(MPEG1or2VideoStreamDiscreteFramer.obj) : warning LNK4099: 'vc100.pdb' PDB를 'libliveMedia.d.lib(MPEG1or2VideoStreamDiscreteFramer.obj)' 또는 'D:\pegasus_work\KT_System\GamingAnywhere\GamingAnywhere\ga\vs2010\Debug\vc100.pdb'에서 찾을 수 없습니다. 디버그 정보가 없는 것처럼 개체를 링크합니다.
libliveMedia.d.lib(MPEG4VideoStreamFramer.obj) : warning LNK4099: 'vc100.pdb' PDB를 'libliveMedia.d.lib(MPEG4VideoStreamFramer.obj)' 또는 'D:\pegasus_work\KT_System\GamingAnywhere\GamingAnywhere\ga\vs2010\Debug\vc100.pdb'에서 찾을 수 없습니다. 디버그 정보가 없는 것처럼 개체를 링크합니다.
libliveMedia.d.lib(MPEG4VideoStreamDiscreteFramer.obj) : warning LNK4099: 'vc100.pdb' PDB를 'libliveMedia.d.lib(MPEG4VideoStreamDiscreteFramer.obj)' 또는 'D:\pegasus_work\KT_System\GamingAnywhere\GamingAnywhere\ga\vs2010\Debug\vc100.pdb'에서 찾을 수 없습니다. 디버그 정보가 없는 것처럼 개체를 링크합니다.
libliveMedia.d.lib(H264or5VideoStreamFramer.obj) : warning LNK4099: 'vc100.pdb' PDB를 'libliveMedia.d.lib(H264or5VideoStreamFramer.obj)' 또는 'D:\pegasus_work\KT_System\GamingAnywhere\GamingAnywhere\ga\vs2010\Debug\vc100.pdb'에서 찾을 수 없습니다. 디버그 정보가 없는 것처럼 개체를 링크합니다.
libliveMedia.d.lib(H264or5VideoStreamDiscreteFramer.obj) : warning LNK4099: 'vc100.pdb' PDB를 'libliveMedia.d.lib(H264or5VideoStreamDiscreteFramer.obj)' 또는 'D:\pegasus_work\KT_System\GamingAnywhere\GamingAnywhere\ga\vs2010\Debug\vc100.pdb'에서 찾을 수 없습니다. 디버그 정보가 없는 것처럼 개체를 링크합니다.
libliveMedia.d.lib(H264VideoStreamDiscreteFramer.obj) : warning LNK4099: 'vc100.pdb' PDB를 'libliveMedia.d.lib(H264VideoStreamDiscreteFramer.obj)' 또는 'D:\pegasus_work\KT_System\GamingAnywhere\GamingAnywhere\ga\vs2010\Debug\vc100.pdb'에서 찾을 수 없습니다. 디버그 정보가 없는 것처럼 개체를 링크합니다.
libliveMedia.d.lib(H265VideoStreamDiscreteFramer.obj) : warning LNK4099: 'vc100.pdb' PDB를 'libliveMedia.d.lib(H265VideoStreamDiscreteFramer.obj)' 또는 'D:\pegasus_work\KT_System\GamingAnywhere\GamingAnywhere\ga\vs2010\Debug\vc100.pdb'에서 찾을 수 없습니다. 디버그 정보가 없는 것처럼 개체를 링크합니다.
libliveMedia.d.lib(MPEGVideoStreamParser.obj) : warning LNK4099: 'vc100.pdb' PDB를 'libliveMedia.d.lib(MPEGVideoStreamParser.obj)' 또는 'D:\pegasus_work\KT_System\GamingAnywhere\GamingAnywhere\ga\vs2010\Debug\vc100.pdb'에서 찾을 수 없습니다. 디버그 정보가 없는 것처럼 개체를 링크합니다.
libliveMedia.d.lib(MPEG1or2AudioRTPSource.obj) : warning LNK4099: 'vc100.pdb' PDB를 'libliveMedia.d.lib(MPEG1or2AudioRTPSource.obj)' 또는 'D:\pegasus_work\KT_System\GamingAnywhere\GamingAnywhere\ga\vs2010\Debug\vc100.pdb'에서 찾을 수 없습니다. 디버그 정보가 없는 것처럼 개체를 링크합니다.
libliveMedia.d.lib(MPEG4LATMAudioRTPSource.obj) : warning LNK4099: 'vc100.pdb' PDB를 'libliveMedia.d.lib(MPEG4LATMAudioRTPSource.obj)' 또는 'D:\pegasus_work\KT_System\GamingAnywhere\GamingAnywhere\ga\vs2010\Debug\vc100.pdb'에서 찾을 수 없습니다. 디버그 정보가 없는 것처럼 개체를 링크합니다.
libliveMedia.d.lib(MPEG4ESVideoRTPSource.obj) : warning LNK4099: 'vc100.pdb' PDB를 'libliveMedia.d.lib(MPEG4ESVideoRTPSource.obj)' 또는 'D:\pegasus_work\KT_System\GamingAnywhere\GamingAnywhere\ga\vs2010\Debug\vc100.pdb'에서 찾을 수 없습니다. 디버그 정보가 없는 것처럼 개체를 링크합니다.
libliveMedia.d.lib(MPEG4GenericRTPSource.obj) : warning LNK4099: 'vc100.pdb' PDB를 'libliveMedia.d.lib(MPEG4GenericRTPSource.obj)' 또는 'D:\pegasus_work\KT_System\GamingAnywhere\GamingAnywhere\ga\vs2010\Debug\vc100.pdb'에서 찾을 수 없습니다. 디버그 정보가 없는 것처럼 개체를 링크합니다.
libliveMedia.d.lib(MP3ADU.obj) : warning LNK4099: 'vc100.pdb' PDB를 'libliveMedia.d.lib(MP3ADU.obj)' 또는 'D:\pegasus_work\KT_System\GamingAnywhere\GamingAnywhere\ga\vs2010\Debug\vc100.pdb'에서 찾을 수 없습니다. 디버그 정보가 없는 것처럼 개체를 링크합니다.
libliveMedia.d.lib(MP3ADUdescriptor.obj) : warning LNK4099: 'vc100.pdb' PDB를 'libliveMedia.d.lib(MP3ADUdescriptor.obj)' 또는 'D:\pegasus_work\KT_System\GamingAnywhere\GamingAnywhere\ga\vs2010\Debug\vc100.pdb'에서 찾을 수 없습니다. 디버그 정보가 없는 것처럼 개체를 링크합니다.
libliveMedia.d.lib(MP3ADUinterleaving.obj) : warning LNK4099: 'vc100.pdb' PDB를 'libliveMedia.d.lib(MP3ADUinterleaving.obj)' 또는 'D:\pegasus_work\KT_System\GamingAnywhere\GamingAnywhere\ga\vs2010\Debug\vc100.pdb'에서 찾을 수 없습니다. 디버그 정보가 없는 것처럼 개체를 링크합니다.
libliveMedia.d.lib(MP3Internals.obj) : warning LNK4099: 'vc100.pdb' PDB를 'libliveMedia.d.lib(MP3Internals.obj)' 또는 'D:\pegasus_work\KT_System\GamingAnywhere\GamingAnywhere\ga\vs2010\Debug\vc100.pdb'에서 찾을 수 없습니다. 디버그 정보가 없는 것처럼 개체를 링크합니다.
libliveMedia.d.lib(MP3InternalsHuffman.obj) : warning LNK4099: 'vc100.pdb' PDB를 'libliveMedia.d.lib(MP3InternalsHuffman.obj)' 또는 'D:\pegasus_work\KT_System\GamingAnywhere\GamingAnywhere\ga\vs2010\Debug\vc100.pdb'에서 찾을 수 없습니다. 디버그 정보가 없는 것처럼 개체를 링크합니다.
libliveMedia.d.lib(MP3InternalsHuffmanTable.obj) : warning LNK4099: 'vc100.pdb' PDB를 'libliveMedia.d.lib(MP3InternalsHuffmanTable.obj)' 또는 'D:\pegasus_work\KT_System\GamingAnywhere\GamingAnywhere\ga\vs2010\Debug\vc100.pdb'에서 찾을 수 없습니다. 디버그 정보가 없는 것처럼 개체를 링크합니다.
libliveMedia.d.lib(MP3ADURTPSource.obj) : warning LNK4099: 'vc100.pdb' PDB를 'libliveMedia.d.lib(MP3ADURTPSource.obj)' 또는 'D:\pegasus_work\KT_System\GamingAnywhere\GamingAnywhere\ga\vs2010\Debug\vc100.pdb'에서 찾을 수 없습니다. 디버그 정보가 없는 것처럼 개체를 링크합니다.
libliveMedia.d.lib(MPEG1or2VideoRTPSource.obj) : warning LNK4099: 'vc100.pdb' PDB를 'libliveMedia.d.lib(MPEG1or2VideoRTPSource.obj)' 또는 'D:\pegasus_work\KT_System\GamingAnywhere\GamingAnywhere\ga\vs2010\Debug\vc100.pdb'에서 찾을 수 없습니다. 디버그 정보가 없는 것처럼 개체를 링크합니다.
libliveMedia.d.lib(MPEG2TransportStreamFramer.obj) : warning LNK4099: 'vc100.pdb' PDB를 'libliveMedia.d.lib(MPEG2TransportStreamFramer.obj)' 또는 'D:\pegasus_work\KT_System\GamingAnywhere\GamingAnywhere\ga\vs2010\Debug\vc100.pdb'에서 찾을 수 없습니다. 디버그 정보가 없는 것처럼 개체를 링크합니다.
libliveMedia.d.lib(H263plusVideoRTPSource.obj) : warning LNK4099: 'vc100.pdb' PDB를 'libliveMedia.d.lib(H263plusVideoRTPSource.obj)' 또는 'D:\pegasus_work\KT_System\GamingAnywhere\GamingAnywhere\ga\vs2010\Debug\vc100.pdb'에서 찾을 수 없습니다. 디버그 정보가 없는 것처럼 개체를 링크합니다.
libliveMedia.d.lib(AC3AudioRTPSource.obj) : warning LNK4099: 'vc100.pdb' PDB를 'libliveMedia.d.lib(AC3AudioRTPSource.obj)' 또는 'D:\pegasus_work\KT_System\GamingAnywhere\GamingAnywhere\ga\vs2010\Debug\vc100.pdb'에서 찾을 수 없습니다. 디버그 정보가 없는 것처럼 개체를 링크합니다.
libliveMedia.d.lib(DVVideoStreamFramer.obj) : warning LNK4099: 'vc100.pdb' PDB를 'libliveMedia.d.lib(DVVideoStreamFramer.obj)' 또는 'D:\pegasus_work\KT_System\GamingAnywhere\GamingAnywhere\ga\vs2010\Debug\vc100.pdb'에서 찾을 수 없습니다. 디버그 정보가 없는 것처럼 개체를 링크합니다.
libliveMedia.d.lib(DVVideoRTPSource.obj) : warning LNK4099: 'vc100.pdb' PDB를 'libliveMedia.d.lib(DVVideoRTPSource.obj)' 또는 'D:\pegasus_work\KT_System\GamingAnywhere\GamingAnywhere\ga\vs2010\Debug\vc100.pdb'에서 찾을 수 없습니다. 디버그 정보가 없는 것처럼 개체를 링크합니다.
libliveMedia.d.lib(AMRAudioSource.obj) : warning LNK4099: 'vc100.pdb' PDB를 'libliveMedia.d.lib(AMRAudioSource.obj)' 또는 'D:\pegasus_work\KT_System\GamingAnywhere\GamingAnywhere\ga\vs2010\Debug\vc100.pdb'에서 찾을 수 없습니다. 디버그 정보가 없는 것처럼 개체를 링크합니다.
libliveMedia.d.lib(MediaSink.obj) : warning LNK4099: 'vc100.pdb' PDB를 'libliveMedia.d.lib(MediaSink.obj)' 또는 'D:\pegasus_work\KT_System\GamingAnywhere\GamingAnywhere\ga\vs2010\Debug\vc100.pdb'에서 찾을 수 없습니다. 디버그 정보가 없는 것처럼 개체를 링크합니다.
libliveMedia.d.lib(BasicUDPSink.obj) : warning LNK4099: 'vc100.pdb' PDB를 'libliveMedia.d.lib(BasicUDPSink.obj)' 또는 'D:\pegasus_work\KT_System\GamingAnywhere\GamingAnywhere\ga\vs2010\Debug\vc100.pdb'에서 찾을 수 없습니다. 디버그 정보가 없는 것처럼 개체를 링크합니다.
libliveMedia.d.lib(MPEG1or2AudioRTPSink.obj) : warning LNK4099: 'vc100.pdb' PDB를 'libliveMedia.d.lib(MPEG1or2AudioRTPSink.obj)' 또는 'D:\pegasus_work\KT_System\GamingAnywhere\GamingAnywhere\ga\vs2010\Debug\vc100.pdb'에서 찾을 수 없습니다. 디버그 정보가 없는 것처럼 개체를 링크합니다.
libliveMedia.d.lib(MP3ADURTPSink.obj) : warning LNK4099: 'vc100.pdb' PDB를 'libliveMedia.d.lib(MP3ADURTPSink.obj)' 또는 'D:\pegasus_work\KT_System\GamingAnywhere\GamingAnywhere\ga\vs2010\Debug\vc100.pdb'에서 찾을 수 없습니다. 디버그 정보가 없는 것처럼 개체를 링크합니다.
libliveMedia.d.lib(MPEG1or2VideoRTPSink.obj) : warning LNK4099: 'vc100.pdb' PDB를 'libliveMedia.d.lib(MPEG1or2VideoRTPSink.obj)' 또는 'D:\pegasus_work\KT_System\GamingAnywhere\GamingAnywhere\ga\vs2010\Debug\vc100.pdb'에서 찾을 수 없습니다. 디버그 정보가 없는 것처럼 개체를 링크합니다.
libliveMedia.d.lib(MPEG4LATMAudioRTPSink.obj) : warning LNK4099: 'vc100.pdb' PDB를 'libliveMedia.d.lib(MPEG4LATMAudioRTPSink.obj)' 또는 'D:\pegasus_work\KT_System\GamingAnywhere\GamingAnywhere\ga\vs2010\Debug\vc100.pdb'에서 찾을 수 없습니다. 디버그 정보가 없는 것처럼 개체를 링크합니다.
libliveMedia.d.lib(MPEG4GenericRTPSink.obj) : warning LNK4099: 'vc100.pdb' PDB를 'libliveMedia.d.lib(MPEG4GenericRTPSink.obj)' 또는 'D:\pegasus_work\KT_System\GamingAnywhere\GamingAnywhere\ga\vs2010\Debug\vc100.pdb'에서 찾을 수 없습니다. 디버그 정보가 없는 것처럼 개체를 링크합니다.
libliveMedia.d.lib(MPEG4ESVideoRTPSink.obj) : warning LNK4099: 'vc100.pdb' PDB를 'libliveMedia.d.lib(MPEG4ESVideoRTPSink.obj)' 또는 'D:\pegasus_work\KT_System\GamingAnywhere\GamingAnywhere\ga\vs2010\Debug\vc100.pdb'에서 찾을 수 없습니다. 디버그 정보가 없는 것처럼 개체를 링크합니다.
libliveMedia.d.lib(H263plusVideoRTPSink.obj) : warning LNK4099: 'vc100.pdb' PDB를 'libliveMedia.d.lib(H263plusVideoRTPSink.obj)' 또는 'D:\pegasus_work\KT_System\GamingAnywhere\GamingAnywhere\ga\vs2010\Debug\vc100.pdb'에서 찾을 수 없습니다. 디버그 정보가 없는 것처럼 개체를 링크합니다.
libliveMedia.d.lib(H264or5VideoRTPSink.obj) : warning LNK4099: 'vc100.pdb' PDB를 'libliveMedia.d.lib(H264or5VideoRTPSink.obj)' 또는 'D:\pegasus_work\KT_System\GamingAnywhere\GamingAnywhere\ga\vs2010\Debug\vc100.pdb'에서 찾을 수 없습니다. 디버그 정보가 없는 것처럼 개체를 링크합니다.
libliveMedia.d.lib(H264VideoRTPSink.obj) : warning LNK4099: 'vc100.pdb' PDB를 'libliveMedia.d.lib(H264VideoRTPSink.obj)' 또는 'D:\pegasus_work\KT_System\GamingAnywhere\GamingAnywhere\ga\vs2010\Debug\vc100.pdb'에서 찾을 수 없습니다. 디버그 정보가 없는 것처럼 개체를 링크합니다.
libliveMedia.d.lib(H265VideoRTPSink.obj) : warning LNK4099: 'vc100.pdb' PDB를 'libliveMedia.d.lib(H265VideoRTPSink.obj)' 또는 'D:\pegasus_work\KT_System\GamingAnywhere\GamingAnywhere\ga\vs2010\Debug\vc100.pdb'에서 찾을 수 없습니다. 디버그 정보가 없는 것처럼 개체를 링크합니다.
libliveMedia.d.lib(DVVideoRTPSink.obj) : warning LNK4099: 'vc100.pdb' PDB를 'libliveMedia.d.lib(DVVideoRTPSink.obj)' 또는 'D:\pegasus_work\KT_System\GamingAnywhere\GamingAnywhere\ga\vs2010\Debug\vc100.pdb'에서 찾을 수 없습니다. 디버그 정보가 없는 것처럼 개체를 링크합니다.
libliveMedia.d.lib(AC3AudioRTPSink.obj) : warning LNK4099: 'vc100.pdb' PDB를 'libliveMedia.d.lib(AC3AudioRTPSink.obj)' 또는 'D:\pegasus_work\KT_System\GamingAnywhere\GamingAnywhere\ga\vs2010\Debug\vc100.pdb'에서 찾을 수 없습니다. 디버그 정보가 없는 것처럼 개체를 링크합니다.
libliveMedia.d.lib(VorbisAudioRTPSink.obj) : warning LNK4099: 'vc100.pdb' PDB를 'libliveMedia.d.lib(VorbisAudioRTPSink.obj)' 또는 'D:\pegasus_work\KT_System\GamingAnywhere\GamingAnywhere\ga\vs2010\Debug\vc100.pdb'에서 찾을 수 없습니다. 디버그 정보가 없는 것처럼 개체를 링크합니다.
libliveMedia.d.lib(TheoraVideoRTPSink.obj) : warning LNK4099: 'vc100.pdb' PDB를 'libliveMedia.d.lib(TheoraVideoRTPSink.obj)' 또는 'D:\pegasus_work\KT_System\GamingAnywhere\GamingAnywhere\ga\vs2010\Debug\vc100.pdb'에서 찾을 수 없습니다. 디버그 정보가 없는 것처럼 개체를 링크합니다.
libliveMedia.d.lib(VP8VideoRTPSink.obj) : warning LNK4099: 'vc100.pdb' PDB를 'libliveMedia.d.lib(VP8VideoRTPSink.obj)' 또는 'D:\pegasus_work\KT_System\GamingAnywhere\GamingAnywhere\ga\vs2010\Debug\vc100.pdb'에서 찾을 수 없습니다. 디버그 정보가 없는 것처럼 개체를 링크합니다.
libliveMedia.d.lib(GSMAudioRTPSink.obj) : warning LNK4099: 'vc100.pdb' PDB를 'libliveMedia.d.lib(GSMAudioRTPSink.obj)' 또는 'D:\pegasus_work\KT_System\GamingAnywhere\GamingAnywhere\ga\vs2010\Debug\vc100.pdb'에서 찾을 수 없습니다. 디버그 정보가 없는 것처럼 개체를 링크합니다.
libliveMedia.d.lib(SimpleRTPSink.obj) : warning LNK4099: 'vc100.pdb' PDB를 'libliveMedia.d.lib(SimpleRTPSink.obj)' 또는 'D:\pegasus_work\KT_System\GamingAnywhere\GamingAnywhere\ga\vs2010\Debug\vc100.pdb'에서 찾을 수 없습니다. 디버그 정보가 없는 것처럼 개체를 링크합니다.
libliveMedia.d.lib(T140TextRTPSink.obj) : warning LNK4099: 'vc100.pdb' PDB를 'libliveMedia.d.lib(T140TextRTPSink.obj)' 또는 'D:\pegasus_work\KT_System\GamingAnywhere\GamingAnywhere\ga\vs2010\Debug\vc100.pdb'에서 찾을 수 없습니다. 디버그 정보가 없는 것처럼 개체를 링크합니다.
libliveMedia.d.lib(RTPSource.obj) : warning LNK4099: 'vc100.pdb' PDB를 'libliveMedia.d.lib(RTPSource.obj)' 또는 'D:\pegasus_work\KT_System\GamingAnywhere\GamingAnywhere\ga\vs2010\Debug\vc100.pdb'에서 찾을 수 없습니다. 디버그 정보가 없는 것처럼 개체를 링크합니다.
libliveMedia.d.lib(MultiFramedRTPSource.obj) : warning LNK4099: 'vc100.pdb' PDB를 'libliveMedia.d.lib(MultiFramedRTPSource.obj)' 또는 'D:\pegasus_work\KT_System\GamingAnywhere\GamingAnywhere\ga\vs2010\Debug\vc100.pdb'에서 찾을 수 없습니다. 디버그 정보가 없는 것처럼 개체를 링크합니다.
libliveMedia.d.lib(SimpleRTPSource.obj) : warning LNK4099: 'vc100.pdb' PDB를 'libliveMedia.d.lib(SimpleRTPSource.obj)' 또는 'D:\pegasus_work\KT_System\GamingAnywhere\GamingAnywhere\ga\vs2010\Debug\vc100.pdb'에서 찾을 수 없습니다. 디버그 정보가 없는 것처럼 개체를 링크합니다.
libliveMedia.d.lib(H261VideoRTPSource.obj) : warning LNK4099: 'vc100.pdb' PDB를 'libliveMedia.d.lib(H261VideoRTPSource.obj)' 또는 'D:\pegasus_work\KT_System\GamingAnywhere\GamingAnywhere\ga\vs2010\Debug\vc100.pdb'에서 찾을 수 없습니다. 디버그 정보가 없는 것처럼 개체를 링크합니다.
libliveMedia.d.lib(H264VideoRTPSource.obj) : warning LNK4099: 'vc100.pdb' PDB를 'libliveMedia.d.lib(H264VideoRTPSource.obj)' 또는 'D:\pegasus_work\KT_System\GamingAnywhere\GamingAnywhere\ga\vs2010\Debug\vc100.pdb'에서 찾을 수 없습니다. 디버그 정보가 없는 것처럼 개체를 링크합니다.
libliveMedia.d.lib(H265VideoRTPSource.obj) : warning LNK4099: 'vc100.pdb' PDB를 'libliveMedia.d.lib(H265VideoRTPSource.obj)' 또는 'D:\pegasus_work\KT_System\GamingAnywhere\GamingAnywhere\ga\vs2010\Debug\vc100.pdb'에서 찾을 수 없습니다. 디버그 정보가 없는 것처럼 개체를 링크합니다.
libliveMedia.d.lib(QCELPAudioRTPSource.obj) : warning LNK4099: 'vc100.pdb' PDB를 'libliveMedia.d.lib(QCELPAudioRTPSource.obj)' 또는 'D:\pegasus_work\KT_System\GamingAnywhere\GamingAnywhere\ga\vs2010\Debug\vc100.pdb'에서 찾을 수 없습니다. 디버그 정보가 없는 것처럼 개체를 링크합니다.
libliveMedia.d.lib(AMRAudioRTPSource.obj) : warning LNK4099: 'vc100.pdb' PDB를 'libliveMedia.d.lib(AMRAudioRTPSource.obj)' 또는 'D:\pegasus_work\KT_System\GamingAnywhere\GamingAnywhere\ga\vs2010\Debug\vc100.pdb'에서 찾을 수 없습니다. 디버그 정보가 없는 것처럼 개체를 링크합니다.
libliveMedia.d.lib(JPEGVideoRTPSource.obj) : warning LNK4099: 'vc100.pdb' PDB를 'libliveMedia.d.lib(JPEGVideoRTPSource.obj)' 또는 'D:\pegasus_work\KT_System\GamingAnywhere\GamingAnywhere\ga\vs2010\Debug\vc100.pdb'에서 찾을 수 없습니다. 디버그 정보가 없는 것처럼 개체를 링크합니다.
libliveMedia.d.lib(VorbisAudioRTPSource.obj) : warning LNK4099: 'vc100.pdb' PDB를 'libliveMedia.d.lib(VorbisAudioRTPSource.obj)' 또는 'D:\pegasus_work\KT_System\GamingAnywhere\GamingAnywhere\ga\vs2010\Debug\vc100.pdb'에서 찾을 수 없습니다. 디버그 정보가 없는 것처럼 개체를 링크합니다.
libliveMedia.d.lib(TheoraVideoRTPSource.obj) : warning LNK4099: 'vc100.pdb' PDB를 'libliveMedia.d.lib(TheoraVideoRTPSource.obj)' 또는 'D:\pegasus_work\KT_System\GamingAnywhere\GamingAnywhere\ga\vs2010\Debug\vc100.pdb'에서 찾을 수 없습니다. 디버그 정보가 없는 것처럼 개체를 링크합니다.
libliveMedia.d.lib(VP8VideoRTPSource.obj) : warning LNK4099: 'vc100.pdb' PDB를 'libliveMedia.d.lib(VP8VideoRTPSource.obj)' 또는 'D:\pegasus_work\KT_System\GamingAnywhere\GamingAnywhere\ga\vs2010\Debug\vc100.pdb'에서 찾을 수 없습니다. 디버그 정보가 없는 것처럼 개체를 링크합니다.
libliveMedia.d.lib(RTPSink.obj) : warning LNK4099: 'vc100.pdb' PDB를 'libliveMedia.d.lib(RTPSink.obj)' 또는 'D:\pegasus_work\KT_System\GamingAnywhere\GamingAnywhere\ga\vs2010\Debug\vc100.pdb'에서 찾을 수 없습니다. 디버그 정보가 없는 것처럼 개체를 링크합니다.
libliveMedia.d.lib(MultiFramedRTPSink.obj) : warning LNK4099: 'vc100.pdb' PDB를 'libliveMedia.d.lib(MultiFramedRTPSink.obj)' 또는 'D:\pegasus_work\KT_System\GamingAnywhere\GamingAnywhere\ga\vs2010\Debug\vc100.pdb'에서 찾을 수 없습니다. 디버그 정보가 없는 것처럼 개체를 링크합니다.
libliveMedia.d.lib(AudioRTPSink.obj) : warning LNK4099: 'vc100.pdb' PDB를 'libliveMedia.d.lib(AudioRTPSink.obj)' 또는 'D:\pegasus_work\KT_System\GamingAnywhere\GamingAnywhere\ga\vs2010\Debug\vc100.pdb'에서 찾을 수 없습니다. 디버그 정보가 없는 것처럼 개체를 링크합니다.
libliveMedia.d.lib(VideoRTPSink.obj) : warning LNK4099: 'vc100.pdb' PDB를 'libliveMedia.d.lib(VideoRTPSink.obj)' 또는 'D:\pegasus_work\KT_System\GamingAnywhere\GamingAnywhere\ga\vs2010\Debug\vc100.pdb'에서 찾을 수 없습니다. 디버그 정보가 없는 것처럼 개체를 링크합니다.
libliveMedia.d.lib(TextRTPSink.obj) : warning LNK4099: 'vc100.pdb' PDB를 'libliveMedia.d.lib(TextRTPSink.obj)' 또는 'D:\pegasus_work\KT_System\GamingAnywhere\GamingAnywhere\ga\vs2010\Debug\vc100.pdb'에서 찾을 수 없습니다. 디버그 정보가 없는 것처럼 개체를 링크합니다.
libliveMedia.d.lib(RTPInterface.obj) : warning LNK4099: 'vc100.pdb' PDB를 'libliveMedia.d.lib(RTPInterface.obj)' 또는 'D:\pegasus_work\KT_System\GamingAnywhere\GamingAnywhere\ga\vs2010\Debug\vc100.pdb'에서 찾을 수 없습니다. 디버그 정보가 없는 것처럼 개체를 링크합니다.
libliveMedia.d.lib(RTCP.obj) : warning LNK4099: 'vc100.pdb' PDB를 'libliveMedia.d.lib(RTCP.obj)' 또는 'D:\pegasus_work\KT_System\GamingAnywhere\GamingAnywhere\ga\vs2010\Debug\vc100.pdb'에서 찾을 수 없습니다. 디버그 정보가 없는 것처럼 개체를 링크합니다.
libliveMedia.d.lib(rtcp_from_spec.obj) : warning LNK4099: 'vc100.pdb' PDB를 'libliveMedia.d.lib(rtcp_from_spec.obj)' 또는 'D:\pegasus_work\KT_System\GamingAnywhere\GamingAnywhere\ga\vs2010\Debug\vc100.pdb'에서 찾을 수 없습니다. 디버그 정보가 없는 것처럼 개체를 링크합니다.
libliveMedia.d.lib(RTSPServer.obj) : warning LNK4099: 'vc100.pdb' PDB를 'libliveMedia.d.lib(RTSPServer.obj)' 또는 'D:\pegasus_work\KT_System\GamingAnywhere\GamingAnywhere\ga\vs2010\Debug\vc100.pdb'에서 찾을 수 없습니다. 디버그 정보가 없는 것처럼 개체를 링크합니다.
libliveMedia.d.lib(RTSPClient.obj) : warning LNK4099: 'vc100.pdb' PDB를 'libliveMedia.d.lib(RTSPClient.obj)' 또는 'D:\pegasus_work\KT_System\GamingAnywhere\GamingAnywhere\ga\vs2010\Debug\vc100.pdb'에서 찾을 수 없습니다. 디버그 정보가 없는 것처럼 개체를 링크합니다.
libliveMedia.d.lib(RTSPCommon.obj) : warning LNK4099: 'vc100.pdb' PDB를 'libliveMedia.d.lib(RTSPCommon.obj)' 또는 'D:\pegasus_work\KT_System\GamingAnywhere\GamingAnywhere\ga\vs2010\Debug\vc100.pdb'에서 찾을 수 없습니다. 디버그 정보가 없는 것처럼 개체를 링크합니다.
libliveMedia.d.lib(RTSPRegisterSender.obj) : warning LNK4099: 'vc100.pdb' PDB를 'libliveMedia.d.lib(RTSPRegisterSender.obj)' 또는 'D:\pegasus_work\KT_System\GamingAnywhere\GamingAnywhere\ga\vs2010\Debug\vc100.pdb'에서 찾을 수 없습니다. 디버그 정보가 없는 것처럼 개체를 링크합니다.
libliveMedia.d.lib(MediaSession.obj) : warning LNK4099: 'vc100.pdb' PDB를 'libliveMedia.d.lib(MediaSession.obj)' 또는 'D:\pegasus_work\KT_System\GamingAnywhere\GamingAnywhere\ga\vs2010\Debug\vc100.pdb'에서 찾을 수 없습니다. 디버그 정보가 없는 것처럼 개체를 링크합니다.
libliveMedia.d.lib(ServerMediaSession.obj) : warning LNK4099: 'vc100.pdb' PDB를 'libliveMedia.d.lib(ServerMediaSession.obj)' 또는 'D:\pegasus_work\KT_System\GamingAnywhere\GamingAnywhere\ga\vs2010\Debug\vc100.pdb'에서 찾을 수 없습니다. 디버그 정보가 없는 것처럼 개체를 링크합니다.
libliveMedia.d.lib(OnDemandServerMediaSubsession.obj) : warning LNK4099: 'vc100.pdb' PDB를 'libliveMedia.d.lib(OnDemandServerMediaSubsession.obj)' 또는 'D:\pegasus_work\KT_System\GamingAnywhere\GamingAnywhere\ga\vs2010\Debug\vc100.pdb'에서 찾을 수 없습니다. 디버그 정보가 없는 것처럼 개체를 링크합니다.
libliveMedia.d.lib(ProxyServerMediaSession.obj) : warning LNK4099: 'vc100.pdb' PDB를 'libliveMedia.d.lib(ProxyServerMediaSession.obj)' 또는 'D:\pegasus_work\KT_System\GamingAnywhere\GamingAnywhere\ga\vs2010\Debug\vc100.pdb'에서 찾을 수 없습니다. 디버그 정보가 없는 것처럼 개체를 링크합니다.
libliveMedia.d.lib(QuickTimeGenericRTPSource.obj) : warning LNK4099: 'vc100.pdb' PDB를 'libliveMedia.d.lib(QuickTimeGenericRTPSource.obj)' 또는 'D:\pegasus_work\KT_System\GamingAnywhere\GamingAnywhere\ga\vs2010\Debug\vc100.pdb'에서 찾을 수 없습니다. 디버그 정보가 없는 것처럼 개체를 링크합니다.
libliveMedia.d.lib(BitVector.obj) : warning LNK4099: 'vc100.pdb' PDB를 'libliveMedia.d.lib(BitVector.obj)' 또는 'D:\pegasus_work\KT_System\GamingAnywhere\GamingAnywhere\ga\vs2010\Debug\vc100.pdb'에서 찾을 수 없습니다. 디버그 정보가 없는 것처럼 개체를 링크합니다.
libliveMedia.d.lib(StreamParser.obj) : warning LNK4099: 'vc100.pdb' PDB를 'libliveMedia.d.lib(StreamParser.obj)' 또는 'D:\pegasus_work\KT_System\GamingAnywhere\GamingAnywhere\ga\vs2010\Debug\vc100.pdb'에서 찾을 수 없습니다. 디버그 정보가 없는 것처럼 개체를 링크합니다.
libliveMedia.d.lib(DigestAuthentication.obj) : warning LNK4099: 'vc100.pdb' PDB를 'libliveMedia.d.lib(DigestAuthentication.obj)' 또는 'D:\pegasus_work\KT_System\GamingAnywhere\GamingAnywhere\ga\vs2010\Debug\vc100.pdb'에서 찾을 수 없습니다. 디버그 정보가 없는 것처럼 개체를 링크합니다.
libliveMedia.d.lib(ourMD5.obj) : warning LNK4099: 'vc100.pdb' PDB를 'libliveMedia.d.lib(ourMD5.obj)' 또는 'D:\pegasus_work\KT_System\GamingAnywhere\GamingAnywhere\ga\vs2010\Debug\vc100.pdb'에서 찾을 수 없습니다. 디버그 정보가 없는 것처럼 개체를 링크합니다.
libliveMedia.d.lib(Base64.obj) : warning LNK4099: 'vc100.pdb' PDB를 'libliveMedia.d.lib(Base64.obj)' 또는 'D:\pegasus_work\KT_System\GamingAnywhere\GamingAnywhere\ga\vs2010\Debug\vc100.pdb'에서 찾을 수 없습니다. 디버그 정보가 없는 것처럼 개체를 링크합니다.
libliveMedia.d.lib(Locale.obj) : warning LNK4099: 'vc100.pdb' PDB를 'libliveMedia.d.lib(Locale.obj)' 또는 'D:\pegasus_work\KT_System\GamingAnywhere\GamingAnywhere\ga\vs2010\Debug\vc100.pdb'에서 찾을 수 없습니다. 디버그 정보가 없는 것처럼 개체를 링크합니다.
libgroupsock.d.lib(GroupsockHelper.obj) : warning LNK4099: 'vc100.pdb' PDB를 'libgroupsock.d.lib(GroupsockHelper.obj)' 또는 'D:\pegasus_work\KT_System\GamingAnywhere\GamingAnywhere\ga\vs2010\Debug\vc100.pdb'에서 찾을 수 없습니다. 디버그 정보가 없는 것처럼 개체를 링크합니다.
libgroupsock.d.lib(GroupEId.obj) : warning LNK4099: 'vc100.pdb' PDB를 'libgroupsock.d.lib(GroupEId.obj)' 또는 'D:\pegasus_work\KT_System\GamingAnywhere\GamingAnywhere\ga\vs2010\Debug\vc100.pdb'에서 찾을 수 없습니다. 디버그 정보가 없는 것처럼 개체를 링크합니다.
libgroupsock.d.lib(inet.obj) : warning LNK4099: 'vc100.pdb' PDB를 'libgroupsock.d.lib(inet.obj)' 또는 'D:\pegasus_work\KT_System\GamingAnywhere\GamingAnywhere\ga\vs2010\Debug\vc100.pdb'에서 찾을 수 없습니다. 디버그 정보가 없는 것처럼 개체를 링크합니다.
libgroupsock.d.lib(Groupsock.obj) : warning LNK4099: 'vc100.pdb' PDB를 'libgroupsock.d.lib(Groupsock.obj)' 또는 'D:\pegasus_work\KT_System\GamingAnywhere\GamingAnywhere\ga\vs2010\Debug\vc100.pdb'에서 찾을 수 없습니다. 디버그 정보가 없는 것처럼 개체를 링크합니다.
libgroupsock.d.lib(NetInterface.obj) : warning LNK4099: 'vc100.pdb' PDB를 'libgroupsock.d.lib(NetInterface.obj)' 또는 'D:\pegasus_work\KT_System\GamingAnywhere\GamingAnywhere\ga\vs2010\Debug\vc100.pdb'에서 찾을 수 없습니다. 디버그 정보가 없는 것처럼 개체를 링크합니다.
libgroupsock.d.lib(NetAddress.obj) : warning LNK4099: 'vc100.pdb' PDB를 'libgroupsock.d.lib(NetAddress.obj)' 또는 'D:\pegasus_work\KT_System\GamingAnywhere\GamingAnywhere\ga\vs2010\Debug\vc100.pdb'에서 찾을 수 없습니다. 디버그 정보가 없는 것처럼 개체를 링크합니다.
libBasicUsageEnvironment.d.lib(BasicUsageEnvironment0.obj) : warning LNK4099: 'vc100.pdb' PDB를 'libBasicUsageEnvironment.d.lib(BasicUsageEnvironment0.obj)' 또는 'D:\pegasus_work\KT_System\GamingAnywhere\GamingAnywhere\ga\vs2010\Debug\vc100.pdb'에서 찾을 수 없습니다. 디버그 정보가 없는 것처럼 개체를 링크합니다.
libBasicUsageEnvironment.d.lib(BasicUsageEnvironment.obj) : warning LNK4099: 'vc100.pdb' PDB를 'libBasicUsageEnvironment.d.lib(BasicUsageEnvironment.obj)' 또는 'D:\pegasus_work\KT_System\GamingAnywhere\GamingAnywhere\ga\vs2010\Debug\vc100.pdb'에서 찾을 수 없습니다. 디버그 정보가 없는 것처럼 개체를 링크합니다.
libBasicUsageEnvironment.d.lib(BasicTaskScheduler0.obj) : warning LNK4099: 'vc100.pdb' PDB를 'libBasicUsageEnvironment.d.lib(BasicTaskScheduler0.obj)' 또는 'D:\pegasus_work\KT_System\GamingAnywhere\GamingAnywhere\ga\vs2010\Debug\vc100.pdb'에서 찾을 수 없습니다. 디버그 정보가 없는 것처럼 개체를 링크합니다.
libBasicUsageEnvironment.d.lib(BasicTaskScheduler.obj) : warning LNK4099: 'vc100.pdb' PDB를 'libBasicUsageEnvironment.d.lib(BasicTaskScheduler.obj)' 또는 'D:\pegasus_work\KT_System\GamingAnywhere\GamingAnywhere\ga\vs2010\Debug\vc100.pdb'에서 찾을 수 없습니다. 디버그 정보가 없는 것처럼 개체를 링크합니다.
libBasicUsageEnvironment.d.lib(DelayQueue.obj) : warning LNK4099: 'vc100.pdb' PDB를 'libBasicUsageEnvironment.d.lib(DelayQueue.obj)' 또는 'D:\pegasus_work\KT_System\GamingAnywhere\GamingAnywhere\ga\vs2010\Debug\vc100.pdb'에서 찾을 수 없습니다. 디버그 정보가 없는 것처럼 개체를 링크합니다.
libBasicUsageEnvironment.d.lib(BasicHashTable.obj) : warning LNK4099: 'vc100.pdb' PDB를 'libBasicUsageEnvironment.d.lib(BasicHashTable.obj)' 또는 'D:\pegasus_work\KT_System\GamingAnywhere\GamingAnywhere\ga\vs2010\Debug\vc100.pdb'에서 찾을 수 없습니다. 디버그 정보가 없는 것처럼 개체를 링크합니다.
libUsageEnvironment.d.lib(UsageEnvironment.obj) : warning LNK4099: 'vc100.pdb' PDB를 'libUsageEnvironment.d.lib(UsageEnvironment.obj)' 또는 'D:\pegasus_work\KT_System\GamingAnywhere\GamingAnywhere\ga\vs2010\Debug\vc100.pdb'에서 찾을 수 없습니다. 디버그 정보가 없는 것처럼 개체를 링크합니다.
libUsageEnvironment.d.lib(HashTable.obj) : warning LNK4099: 'vc100.pdb' PDB를 'libUsageEnvironment.d.lib(HashTable.obj)' 또는 'D:\pegasus_work\KT_System\GamingAnywhere\GamingAnywhere\ga\vs2010\Debug\vc100.pdb'에서 찾을 수 없습니다. 디버그 정보가 없는 것처럼 개체를 링크합니다.
libUsageEnvironment.d.lib(strDup.obj) : warning LNK4099: 'vc100.pdb' PDB를 'libUsageEnvironment.d.lib(strDup.obj)' 또는 'D:\pegasus_work\KT_System\GamingAnywhere\GamingAnywhere\ga\vs2010\Debug\vc100.pdb'에서 찾을 수 없습니다. 디버그 정보가 없는 것처럼 개체를 링크합니다.
  server-live555.vcxproj -> D:\pegasus_work\KT_System\GamingAnywhere\GamingAnywhere\ga\vs2010\Debug\server-live555.dll
