D:\DEVELOP\GAMINGANYWHERE\GA\VS2010\DEBUG\MOD\SERVER-LIVE555.DLL
D:\DEVELOP\GAMINGANYWHERE\GA\VS2010\DEBUG\MOD\SERVER-LIVE555.ILK
D:\Develop\GamingAnyWhere\ga\vs2010\Debug\server-live555.exp
D:\Develop\GamingAnyWhere\ga\vs2010\Debug\server-live555.lib
D:\DEVELOP\GAMINGANYWHERE\GA\VS2010\DEBUG\SERVER-LIVE555.PDB
D:\Develop\GamingAnyWhere\ga\vs2010\module-server-live555\Debug\cl.command.1.tlog
D:\Develop\GamingAnyWhere\ga\vs2010\module-server-live555\Debug\CL.read.1.tlog
D:\Develop\GamingAnyWhere\ga\vs2010\module-server-live555\Debug\CL.write.1.tlog
D:\DEVELOP\GAMINGANYWHERE\GA\VS2010\MODULE-SERVER-LIVE555\DEBUG\GA-AUDIOLIVESOURCE.OBJ
D:\DEVELOP\GAMINGANYWHERE\GA\VS2010\MODULE-SERVER-LIVE555\DEBUG\GA-LIVESERVER.OBJ
D:\DEVELOP\GAMINGANYWHERE\GA\VS2010\MODULE-SERVER-LIVE555\DEBUG\GA-MEDIASUBSESSION.OBJ
D:\DEVELOP\GAMINGANYWHERE\GA\VS2010\MODULE-SERVER-LIVE555\DEBUG\GA-QOSSINK.OBJ
D:\DEVELOP\GAMINGANYWHERE\GA\VS2010\MODULE-SERVER-LIVE555\DEBUG\GA-VIDEOLIVESOURCE.OBJ
D:\Develop\GamingAnyWhere\ga\vs2010\module-server-live555\Debug\link.command.1.tlog
D:\Develop\GamingAnyWhere\ga\vs2010\module-server-live555\Debug\link.read.1.tlog
D:\Develop\GamingAnyWhere\ga\vs2010\module-server-live555\Debug\link.write.1.tlog
D:\Develop\GamingAnyWhere\ga\vs2010\module-server-live555\Debug\mt.command.1.tlog
D:\Develop\GamingAnyWhere\ga\vs2010\module-server-live555\Debug\mt.read.1.tlog
D:\Develop\GamingAnyWhere\ga\vs2010\module-server-live555\Debug\mt.write.1.tlog
D:\DEVELOP\GAMINGANYWHERE\GA\VS2010\MODULE-SERVER-LIVE555\DEBUG\SERVER-LIVE555.DLL.INTERMEDIATE.MANIFEST
D:\DEVELOP\GAMINGANYWHERE\GA\VS2010\MODULE-SERVER-LIVE555\DEBUG\SERVER-LIVE555.OBJ
D:\Develop\GamingAnyWhere\ga\vs2010\module-server-live555\Debug\server-live555.write.1.tlog
D:\Develop\GamingAnyWhere\ga\vs2010\module-server-live555\Debug\vc100.idb
D:\DEVELOP\GAMINGANYWHERE\GA\VS2010\MODULE-SERVER-LIVE555\DEBUG\VC100.PDB
