C:\DEVELOP\GAMINGANYWHERE\GA\VS2010\DEBUG\XS-SERVICE.EXE
C:\DEVELOP\GAMINGANYWHERE\GA\VS2010\DEBUG\XS-SERVICE.ILK
C:\DEVELOP\GAMINGANYWHERE\GA\VS2010\DEBUG\XS-SERVICE.PDB
C:\DEVELOP\GAMINGANYWHERE\GA\VS2010\XS-SERVICE\DEBUG\PRGRAM.OBJ
C:\DEVELOP\GAMINGANYWHERE\GA\VS2010\XS-SERVICE\DEBUG\PROGRAM.OBJ
C:\DEVELOP\GAMINGANYWHERE\GA\VS2010\XS-SERVICE\DEBUG\SERVICEBASE.OBJ
C:\DEVELOP\GAMINGANYWHERE\GA\VS2010\XS-SERVICE\DEBUG\SERVICEINSTALLER.OBJ
C:\DEVELOP\GAMINGANYWHERE\GA\VS2010\XS-SERVICE\DEBUG\VC100.PDB
C:\DEVELOP\GAMINGANYWHERE\GA\VS2010\XS-SERVICE\DEBUG\XS-SERVICE.EXE.INTERMEDIATE.MANIFEST
C:\USERS\ADMINISTRATOR\DESKTOP\GA\VS2010\XS-SERVICE\DEBUG\PROGRAM.OBJ
C:\USERS\ADMINISTRATOR\DESKTOP\GA\VS2010\XS-SERVICE\DEBUG\SERVICEBASE.OBJ
C:\USERS\ADMINISTRATOR\DESKTOP\GA\VS2010\XS-SERVICE\DEBUG\SERVICEINSTALLER.OBJ
C:\USERS\ADMINISTRATOR\DESKTOP\GA\VS2010\XS-SERVICE\DEBUG\VC100.PDB
D:\개발\GamingAnyWhere\ga\vs2010\Debug\xs-service.exe
D:\개발\GamingAnyWhere\ga\vs2010\Debug\xs-service.ilk
D:\개발\GamingAnyWhere\ga\vs2010\Debug\xs-service.pdb
D:\개발\GamingAnyWhere\ga\vs2010\xs-service\Debug\cl.command.1.tlog
D:\개발\GamingAnyWhere\ga\vs2010\xs-service\Debug\CL.read.1.tlog
D:\개발\GamingAnyWhere\ga\vs2010\xs-service\Debug\CL.write.1.tlog
D:\개발\GamingAnyWhere\ga\vs2010\xs-service\Debug\link.command.1.tlog
D:\개발\GamingAnyWhere\ga\vs2010\xs-service\Debug\link.read.1.tlog
D:\개발\GamingAnyWhere\ga\vs2010\xs-service\Debug\link.write.1.tlog
D:\개발\GamingAnyWhere\ga\vs2010\xs-service\Debug\mt.command.1.tlog
D:\개발\GamingAnyWhere\ga\vs2010\xs-service\Debug\mt.read.1.tlog
D:\개발\GamingAnyWhere\ga\vs2010\xs-service\Debug\mt.write.1.tlog
D:\개발\GamingAnyWhere\ga\vs2010\xs-service\Debug\Prgram.obj
D:\개발\GamingAnyWhere\ga\vs2010\xs-service\Debug\Program.obj
D:\개발\GamingAnyWhere\ga\vs2010\xs-service\Debug\ServiceBase.obj
D:\개발\GamingAnyWhere\ga\vs2010\xs-service\Debug\ServiceInstaller.obj
D:\개발\GamingAnyWhere\ga\vs2010\xs-service\Debug\vc100.idb
D:\개발\GamingAnyWhere\ga\vs2010\xs-service\Debug\vc100.pdb
D:\개발\GamingAnyWhere\ga\vs2010\xs-service\Debug\xs-service.exe.intermediate.manifest
D:\개발\GamingAnyWhere\ga\vs2010\xs-service\Debug\xs-service.vcxprojResolveAssemblyReference.cache
D:\개발\GamingAnyWhere\ga\vs2010\xs-service\Debug\xs-service.write.1.tlog
