D:\pegasus_work\KT_System\GamingAnywhere\GamingAnywhere\ga\vs2010\Debug\encoder-audio.pdb
D:\pegasus_work\KT_System\GamingAnywhere\GamingAnywhere\ga\vs2010\module-encoder-audio\Debug\cl.command.1.tlog
D:\pegasus_work\KT_System\GamingAnywhere\GamingAnywhere\ga\vs2010\module-encoder-audio\Debug\CL.read.1.tlog
D:\pegasus_work\KT_System\GamingAnywhere\GamingAnywhere\ga\vs2010\module-encoder-audio\Debug\CL.write.1.tlog
D:\pegasus_work\KT_System\GamingAnywhere\GamingAnywhere\ga\vs2010\module-encoder-audio\Debug\encoder-audio.dll.intermediate.manifest
D:\pegasus_work\KT_System\GamingAnywhere\GamingAnywhere\ga\vs2010\module-encoder-audio\Debug\encoder-audio.obj
D:\pegasus_work\KT_System\GamingAnywhere\GamingAnywhere\ga\vs2010\module-encoder-audio\Debug\encoder-audio.write.1.tlog
D:\pegasus_work\KT_System\GamingAnywhere\GamingAnywhere\ga\vs2010\module-encoder-audio\Debug\link.command.1.tlog
D:\pegasus_work\KT_System\GamingAnywhere\GamingAnywhere\ga\vs2010\module-encoder-audio\Debug\link.read.1.tlog
D:\pegasus_work\KT_System\GamingAnywhere\GamingAnywhere\ga\vs2010\module-encoder-audio\Debug\link.write.1.tlog
D:\pegasus_work\KT_System\GamingAnywhere\GamingAnywhere\ga\vs2010\module-encoder-audio\Debug\mt.command.1.tlog
D:\pegasus_work\KT_System\GamingAnywhere\GamingAnywhere\ga\vs2010\module-encoder-audio\Debug\mt.read.1.tlog
D:\pegasus_work\KT_System\GamingAnywhere\GamingAnywhere\ga\vs2010\module-encoder-audio\Debug\mt.write.1.tlog
D:\pegasus_work\KT_System\GamingAnywhere\GamingAnywhere\ga\vs2010\module-encoder-audio\Debug\vc100.idb
D:\pegasus_work\KT_System\GamingAnywhere\GamingAnywhere\ga\vs2010\module-encoder-audio\Debug\vc100.pdb
D:\개발\GamingAnyWhere\ga\vs2010\Debug\encoder-audio.exp
D:\개발\GamingAnyWhere\ga\vs2010\Debug\encoder-audio.lib
D:\개발\GAMINGANYWHERE\GA\VS2010\DEBUG\ENCODER-AUDIO.PDB
D:\개발\GAMINGANYWHERE\GA\VS2010\DEBUG\MOD\ENCODER-AUDIO.DLL
D:\개발\GAMINGANYWHERE\GA\VS2010\DEBUG\MOD\ENCODER-AUDIO.ILK
D:\개발\GAMINGANYWHERE\GA\VS2010\MODULE-ENCODER-AUDIO\DEBUG\ENCODER-AUDIO.DLL.INTERMEDIATE.MANIFEST
D:\개발\GAMINGANYWHERE\GA\VS2010\MODULE-ENCODER-AUDIO\DEBUG\ENCODER-AUDIO.OBJ
D:\개발\GAMINGANYWHERE\GA\VS2010\MODULE-ENCODER-AUDIO\DEBUG\VC100.PDB
