D:\pegasus_work\KT_System\GamingAnywhere\GamingAnywhere\ga\vs2010\Debug\encoder-video.pdb
D:\pegasus_work\KT_System\GamingAnywhere\GamingAnywhere\ga\vs2010\module-encoder-video\Debug\cl.command.1.tlog
D:\pegasus_work\KT_System\GamingAnywhere\GamingAnywhere\ga\vs2010\module-encoder-video\Debug\CL.read.1.tlog
D:\pegasus_work\KT_System\GamingAnywhere\GamingAnywhere\ga\vs2010\module-encoder-video\Debug\CL.write.1.tlog
D:\pegasus_work\KT_System\GamingAnywhere\GamingAnywhere\ga\vs2010\module-encoder-video\Debug\encoder-video.dll.intermediate.manifest
D:\pegasus_work\KT_System\GamingAnywhere\GamingAnywhere\ga\vs2010\module-encoder-video\Debug\encoder-video.obj
D:\pegasus_work\KT_System\GamingAnywhere\GamingAnywhere\ga\vs2010\module-encoder-video\Debug\encoder-video.write.1.tlog
D:\pegasus_work\KT_System\GamingAnywhere\GamingAnywhere\ga\vs2010\module-encoder-video\Debug\link.command.1.tlog
D:\pegasus_work\KT_System\GamingAnywhere\GamingAnywhere\ga\vs2010\module-encoder-video\Debug\link.read.1.tlog
D:\pegasus_work\KT_System\GamingAnywhere\GamingAnywhere\ga\vs2010\module-encoder-video\Debug\link.write.1.tlog
D:\pegasus_work\KT_System\GamingAnywhere\GamingAnywhere\ga\vs2010\module-encoder-video\Debug\mt.command.1.tlog
D:\pegasus_work\KT_System\GamingAnywhere\GamingAnywhere\ga\vs2010\module-encoder-video\Debug\mt.read.1.tlog
D:\pegasus_work\KT_System\GamingAnywhere\GamingAnywhere\ga\vs2010\module-encoder-video\Debug\mt.write.1.tlog
D:\pegasus_work\KT_System\GamingAnywhere\GamingAnywhere\ga\vs2010\module-encoder-video\Debug\vc100.idb
D:\pegasus_work\KT_System\GamingAnywhere\GamingAnywhere\ga\vs2010\module-encoder-video\Debug\vc100.pdb
D:\개발\GamingAnyWhere\ga\vs2010\Debug\encoder-video.exp
D:\개발\GamingAnyWhere\ga\vs2010\Debug\encoder-video.lib
D:\개발\GAMINGANYWHERE\GA\VS2010\DEBUG\ENCODER-VIDEO.PDB
D:\개발\GAMINGANYWHERE\GA\VS2010\DEBUG\MOD\ENCODER-VIDEO.DLL
D:\개발\GAMINGANYWHERE\GA\VS2010\DEBUG\MOD\ENCODER-VIDEO.ILK
D:\개발\GAMINGANYWHERE\GA\VS2010\MODULE-ENCODER-VIDEO\DEBUG\ENCODER-VIDEO.DLL.INTERMEDIATE.MANIFEST
D:\개발\GAMINGANYWHERE\GA\VS2010\MODULE-ENCODER-VIDEO\DEBUG\ENCODER-VIDEO.OBJ
D:\개발\GAMINGANYWHERE\GA\VS2010\MODULE-ENCODER-VIDEO\DEBUG\VC100.PDB
