D:\pegasus_work\KT_System\GamingAnywhere\GamingAnywhere\ga\vs2010\module-server-live555\Release\cl.command.1.tlog
D:\pegasus_work\KT_System\GamingAnywhere\GamingAnywhere\ga\vs2010\module-server-live555\Release\CL.read.1.tlog
D:\pegasus_work\KT_System\GamingAnywhere\GamingAnywhere\ga\vs2010\module-server-live555\Release\CL.write.1.tlog
D:\PEGASUS_WORK\KT_SYSTEM\GAMINGANYWHERE\GAMINGANYWHERE\GA\VS2010\MODULE-SERVER-LIVE555\RELEASE\GA-AUDIOLIVESOURCE.OBJ
D:\PEGASUS_WORK\KT_SYSTEM\GAMINGANYWHERE\GAMINGANYWHERE\GA\VS2010\MODULE-SERVER-LIVE555\RELEASE\GA-LIVESERVER.OBJ
D:\PEGASUS_WORK\KT_SYSTEM\GAMINGANYWHERE\GAMINGANYWHERE\GA\VS2010\MODULE-SERVER-LIVE555\RELEASE\GA-MEDIASUBSESSION.OBJ
D:\PEGASUS_WORK\KT_SYSTEM\GAMINGANYWHERE\GAMINGANYWHERE\GA\VS2010\MODULE-SERVER-LIVE555\RELEASE\GA-QOSSINK.OBJ
D:\PEGASUS_WORK\KT_SYSTEM\GAMINGANYWHERE\GAMINGANYWHERE\GA\VS2010\MODULE-SERVER-LIVE555\RELEASE\GA-VIDEOLIVESOURCE.OBJ
D:\pegasus_work\KT_System\GamingAnywhere\GamingAnywhere\ga\vs2010\module-server-live555\Release\link.command.1.tlog
D:\pegasus_work\KT_System\GamingAnywhere\GamingAnywhere\ga\vs2010\module-server-live555\Release\link.read.1.tlog
D:\pegasus_work\KT_System\GamingAnywhere\GamingAnywhere\ga\vs2010\module-server-live555\Release\link.write.1.tlog
D:\pegasus_work\KT_System\GamingAnywhere\GamingAnywhere\ga\vs2010\module-server-live555\Release\mt.command.1.tlog
D:\pegasus_work\KT_System\GamingAnywhere\GamingAnywhere\ga\vs2010\module-server-live555\Release\mt.read.1.tlog
D:\pegasus_work\KT_System\GamingAnywhere\GamingAnywhere\ga\vs2010\module-server-live555\Release\mt.write.1.tlog
D:\PEGASUS_WORK\KT_SYSTEM\GAMINGANYWHERE\GAMINGANYWHERE\GA\VS2010\MODULE-SERVER-LIVE555\RELEASE\SERVER-LIVE555.DLL.INTERMEDIATE.MANIFEST
D:\PEGASUS_WORK\KT_SYSTEM\GAMINGANYWHERE\GAMINGANYWHERE\GA\VS2010\MODULE-SERVER-LIVE555\RELEASE\SERVER-LIVE555.OBJ
D:\pegasus_work\KT_System\GamingAnywhere\GamingAnywhere\ga\vs2010\module-server-live555\Release\server-live555.vcxprojResolveAssemblyReference.cache
D:\pegasus_work\KT_System\GamingAnywhere\GamingAnywhere\ga\vs2010\module-server-live555\Release\server-live555.write.1.tlog
D:\PEGASUS_WORK\KT_SYSTEM\GAMINGANYWHERE\GAMINGANYWHERE\GA\VS2010\MODULE-SERVER-LIVE555\RELEASE\VC100.PDB
D:\PEGASUS_WORK\KT_SYSTEM\GAMINGANYWHERE\GAMINGANYWHERE\GA\VS2010\RELEASE\MOD\SERVER-LIVE555.DLL
D:\pegasus_work\KT_System\GamingAnywhere\GamingAnywhere\ga\vs2010\Release\server-live555.exp
D:\pegasus_work\KT_System\GamingAnywhere\GamingAnywhere\ga\vs2010\Release\server-live555.lib
D:\PEGASUS_WORK\KT_SYSTEM\GAMINGANYWHERE\GAMINGANYWHERE\GA\VS2010\RELEASE\SERVER-LIVE555.PDB
D:\개발\GAMINGANYWHERE\GA\VS2010\MODULE-SERVER-LIVE555\RELEASE\VC100.PDB
D:\개발\GamingAnyWhere\ga\vs2010\Release\server-live555.exp
D:\개발\GamingAnyWhere\ga\vs2010\Release\server-live555.lib
