D:\pegasus_work\KT_System\GamingAnywhere\GamingAnywhere\ga\vs2010\module-vsource-desktop-dfm\Release\cl.command.1.tlog
D:\pegasus_work\KT_System\GamingAnywhere\GamingAnywhere\ga\vs2010\module-vsource-desktop-dfm\Release\CL.read.1.tlog
D:\pegasus_work\KT_System\GamingAnywhere\GamingAnywhere\ga\vs2010\module-vsource-desktop-dfm\Release\CL.write.1.tlog
D:\PEGASUS_WORK\KT_SYSTEM\GAMINGANYWHERE\GAMINGANYWHERE\GA\VS2010\MODULE-VSOURCE-DESKTOP-DFM\RELEASE\GA-WIN32-COMMON.OBJ
D:\PEGASUS_WORK\KT_SYSTEM\GAMINGANYWHERE\GAMINGANYWHERE\GA\VS2010\MODULE-VSOURCE-DESKTOP-DFM\RELEASE\GA-WIN32-DFM.OBJ
D:\pegasus_work\KT_System\GamingAnywhere\GamingAnywhere\ga\vs2010\module-vsource-desktop-dfm\Release\link.command.1.tlog
D:\pegasus_work\KT_System\GamingAnywhere\GamingAnywhere\ga\vs2010\module-vsource-desktop-dfm\Release\link.read.1.tlog
D:\pegasus_work\KT_System\GamingAnywhere\GamingAnywhere\ga\vs2010\module-vsource-desktop-dfm\Release\link.write.1.tlog
D:\pegasus_work\KT_System\GamingAnywhere\GamingAnywhere\ga\vs2010\module-vsource-desktop-dfm\Release\mt.command.1.tlog
D:\pegasus_work\KT_System\GamingAnywhere\GamingAnywhere\ga\vs2010\module-vsource-desktop-dfm\Release\mt.read.1.tlog
D:\pegasus_work\KT_System\GamingAnywhere\GamingAnywhere\ga\vs2010\module-vsource-desktop-dfm\Release\mt.write.1.tlog
D:\PEGASUS_WORK\KT_SYSTEM\GAMINGANYWHERE\GAMINGANYWHERE\GA\VS2010\MODULE-VSOURCE-DESKTOP-DFM\RELEASE\VC100.PDB
D:\PEGASUS_WORK\KT_SYSTEM\GAMINGANYWHERE\GAMINGANYWHERE\GA\VS2010\MODULE-VSOURCE-DESKTOP-DFM\RELEASE\VSOURCE-DESKTOP.OBJ
D:\PEGASUS_WORK\KT_SYSTEM\GAMINGANYWHERE\GAMINGANYWHERE\GA\VS2010\MODULE-VSOURCE-DESKTOP-DFM\RELEASE\VSOURCE-DESKTOP-DFM.DLL.INTERMEDIATE.MANIFEST
D:\pegasus_work\KT_System\GamingAnywhere\GamingAnywhere\ga\vs2010\module-vsource-desktop-dfm\Release\vsource-desktop-dfm.write.1.tlog
D:\PEGASUS_WORK\KT_SYSTEM\GAMINGANYWHERE\GAMINGANYWHERE\GA\VS2010\RELEASE\MOD\VSOURCE-DESKTOP-DFM.DLL
D:\pegasus_work\KT_System\GamingAnywhere\GamingAnywhere\ga\vs2010\Release\vsource-desktop-dfm.exp
D:\pegasus_work\KT_System\GamingAnywhere\GamingAnywhere\ga\vs2010\Release\vsource-desktop-dfm.lib
D:\PEGASUS_WORK\KT_SYSTEM\GAMINGANYWHERE\GAMINGANYWHERE\GA\VS2010\RELEASE\VSOURCE-DESKTOP-DFM.PDB
D:\개발\GAMINGANYWHERE\GA\VS2010\MODULE-VSOURCE-DESKTOP-DFM\RELEASE\VC100.PDB
D:\개발\GamingAnyWhere\ga\vs2010\Release\vsource-desktop-dfm.exp
D:\개발\GamingAnyWhere\ga\vs2010\Release\vsource-desktop-dfm.lib
