D:\DEVELOP\GAMINGANYWHERE\GA\VS2010\DEBUG\MOD\VSOURCE-DESKTOP-D3D.DLL
D:\DEVELOP\GAMINGANYWHERE\GA\VS2010\DEBUG\MOD\VSOURCE-DESKTOP-D3D.ILK
D:\Develop\GamingAnyWhere\ga\vs2010\Debug\vsource-desktop-d3d.exp
D:\Develop\GamingAnyWhere\ga\vs2010\Debug\vsource-desktop-d3d.lib
D:\DEVELOP\GAMINGANYWHERE\GA\VS2010\DEBUG\VSOURCE-DESKTOP-D3D.PDB
D:\Develop\GamingAnyWhere\ga\vs2010\module-vsource-desktop-d3d\Debug\cl.command.1.tlog
D:\Develop\GamingAnyWhere\ga\vs2010\module-vsource-desktop-d3d\Debug\CL.read.1.tlog
D:\Develop\GamingAnyWhere\ga\vs2010\module-vsource-desktop-d3d\Debug\CL.write.1.tlog
D:\DEVELOP\GAMINGANYWHERE\GA\VS2010\MODULE-VSOURCE-DESKTOP-D3D\DEBUG\GA-WIN32-COMMON.OBJ
D:\DEVELOP\GAMINGANYWHERE\GA\VS2010\MODULE-VSOURCE-DESKTOP-D3D\DEBUG\GA-WIN32-D3D.OBJ
D:\Develop\GamingAnyWhere\ga\vs2010\module-vsource-desktop-d3d\Debug\link.command.1.tlog
D:\Develop\GamingAnyWhere\ga\vs2010\module-vsource-desktop-d3d\Debug\link.read.1.tlog
D:\Develop\GamingAnyWhere\ga\vs2010\module-vsource-desktop-d3d\Debug\link.write.1.tlog
D:\Develop\GamingAnyWhere\ga\vs2010\module-vsource-desktop-d3d\Debug\mt.command.1.tlog
D:\Develop\GamingAnyWhere\ga\vs2010\module-vsource-desktop-d3d\Debug\mt.read.1.tlog
D:\Develop\GamingAnyWhere\ga\vs2010\module-vsource-desktop-d3d\Debug\mt.write.1.tlog
D:\Develop\GamingAnyWhere\ga\vs2010\module-vsource-desktop-d3d\Debug\vc100.idb
D:\DEVELOP\GAMINGANYWHERE\GA\VS2010\MODULE-VSOURCE-DESKTOP-D3D\DEBUG\VC100.PDB
D:\DEVELOP\GAMINGANYWHERE\GA\VS2010\MODULE-VSOURCE-DESKTOP-D3D\DEBUG\VSOURCE-DESKTOP.OBJ
D:\DEVELOP\GAMINGANYWHERE\GA\VS2010\MODULE-VSOURCE-DESKTOP-D3D\DEBUG\VSOURCE-DESKTOP-D3D.DLL.INTERMEDIATE.MANIFEST
D:\Develop\GamingAnyWhere\ga\vs2010\module-vsource-desktop-d3d\Debug\vsource-desktop-d3d.write.1.tlog
