D:\pegasus_work\KT_System\GamingAnywhere\GamingAnywhere\ga\vs2010\Debug\ga-server-periodic.exe
D:\pegasus_work\KT_System\GamingAnywhere\GamingAnywhere\ga\vs2010\Debug\ga-server-periodic.ilk
D:\pegasus_work\KT_System\GamingAnywhere\GamingAnywhere\ga\vs2010\Debug\ga-server-periodic.pdb
D:\pegasus_work\KT_System\GamingAnywhere\GamingAnywhere\ga\vs2010\ga-server-periodic\Debug\cl.command.1.tlog
D:\pegasus_work\KT_System\GamingAnywhere\GamingAnywhere\ga\vs2010\ga-server-periodic\Debug\CL.read.1.tlog
D:\pegasus_work\KT_System\GamingAnywhere\GamingAnywhere\ga\vs2010\ga-server-periodic\Debug\CL.write.1.tlog
D:\pegasus_work\KT_System\GamingAnywhere\GamingAnywhere\ga\vs2010\ga-server-periodic\Debug\ga-server-periodic.exe.intermediate.manifest
D:\pegasus_work\KT_System\GamingAnywhere\GamingAnywhere\ga\vs2010\ga-server-periodic\Debug\ga-server-periodic.obj
D:\pegasus_work\KT_System\GamingAnywhere\GamingAnywhere\ga\vs2010\ga-server-periodic\Debug\ga-server-periodic.write.1.tlog
D:\pegasus_work\KT_System\GamingAnywhere\GamingAnywhere\ga\vs2010\ga-server-periodic\Debug\link.command.1.tlog
D:\pegasus_work\KT_System\GamingAnywhere\GamingAnywhere\ga\vs2010\ga-server-periodic\Debug\link.read.1.tlog
D:\pegasus_work\KT_System\GamingAnywhere\GamingAnywhere\ga\vs2010\ga-server-periodic\Debug\link.write.1.tlog
D:\pegasus_work\KT_System\GamingAnywhere\GamingAnywhere\ga\vs2010\ga-server-periodic\Debug\mt.command.1.tlog
D:\pegasus_work\KT_System\GamingAnywhere\GamingAnywhere\ga\vs2010\ga-server-periodic\Debug\mt.read.1.tlog
D:\pegasus_work\KT_System\GamingAnywhere\GamingAnywhere\ga\vs2010\ga-server-periodic\Debug\mt.write.1.tlog
D:\pegasus_work\KT_System\GamingAnywhere\GamingAnywhere\ga\vs2010\ga-server-periodic\Debug\vc100.idb
D:\pegasus_work\KT_System\GamingAnywhere\GamingAnywhere\ga\vs2010\ga-server-periodic\Debug\vc100.pdb
D:\개발\GAMINGANYWHERE\GA\VS2010\DEBUG\GA-SERVER-PERIODIC.EXE
D:\개발\GAMINGANYWHERE\GA\VS2010\DEBUG\GA-SERVER-PERIODIC.ILK
D:\개발\GAMINGANYWHERE\GA\VS2010\DEBUG\GA-SERVER-PERIODIC.PDB
D:\개발\GAMINGANYWHERE\GA\VS2010\GA-SERVER-PERIODIC\DEBUG\GA-SERVER-PERIODIC.EXE.INTERMEDIATE.MANIFEST
D:\개발\GAMINGANYWHERE\GA\VS2010\GA-SERVER-PERIODIC\DEBUG\GA-SERVER-PERIODIC.OBJ
D:\개발\GAMINGANYWHERE\GA\VS2010\GA-SERVER-PERIODIC\DEBUG\VC100.PDB
