  ctrl-sdl.cpp
..\..\server\event-driven\ctrl-sdl.cpp(630): warning C4244: '초기화 중' : 'long'에서 'unsigned short'(으)로 변환하면서 데이터가 손실될 수 있습니다.
..\..\server\event-driven\ctrl-sdl.cpp(649): warning C4244: '초기화 중' : 'long'에서 'unsigned short'(으)로 변환하면서 데이터가 손실될 수 있습니다.
  ga-hook-common.cpp
D:\pegasus_work\KT_System\GamingAnywhere\GamingAnywhere\deps.win32\include\easyhook.h(37): warning C4005: 'NTDDI_VERSION' : 매크로 재정의
          명령줄 인수 :  'NTDDI_VERSION'의 이전 정의를 참조하십시오.
D:\pegasus_work\KT_System\GamingAnywhere\GamingAnywhere\deps.win32\include\easyhook.h(38): warning C4005: '_WIN32_WINNT' : 매크로 재정의
          명령줄 인수 :  '_WIN32_WINNT'의 이전 정의를 참조하십시오.
..\..\server\event-driven\ga-hook-common.cpp(444): warning C4996: 'getenv': This function or variable may be unsafe. Consider using _dupenv_s instead. To disable deprecation, use _CRT_SECURE_NO_WARNINGS. See online help for details.
          C:\Program Files (x86)\Microsoft Visual Studio 10.0\VC\include\stdlib.h(433) : 'getenv' 선언을 참조하십시오.
..\..\server\event-driven\ga-hook-common.cpp(450): warning C4996: 'getenv': This function or variable may be unsafe. Consider using _dupenv_s instead. To disable deprecation, use _CRT_SECURE_NO_WARNINGS. See online help for details.
          C:\Program Files (x86)\Microsoft Visual Studio 10.0\VC\include\stdlib.h(433) : 'getenv' 선언을 참조하십시오.
  ga-hook-coreaudio.cpp
d:\pegasus_work\kt_system\gaminganywhere\gaminganywhere\ga\server\event-driven\hook-common.h(26): fatal error C1083: 포함 파일을 열 수 없습니다. 'd3dx9.h': No such file or directory
  ga-hook-sdlaudio.cpp
..\..\server\event-driven\ga-hook-sdlaudio.cpp(219): warning C4244: '=' : 'int64_t'에서 'int'(으)로 변환하면서 데이터가 손실될 수 있습니다.
  ga-hook-sdl.cpp
..\..\server\event-driven\ga-hook-sdl.cpp(637): warning C4244: '=' : 'unsigned short'에서 'uint8_t'(으)로 변환하면서 데이터가 손실될 수 있습니다.
..\..\server\event-driven\ga-hook-sdl.cpp(675): warning C4244: '=' : 'double'에서 'uint16_t'(으)로 변환하면서 데이터가 손실될 수 있습니다.
..\..\server\event-driven\ga-hook-sdl.cpp(676): warning C4244: '=' : 'double'에서 'uint16_t'(으)로 변환하면서 데이터가 손실될 수 있습니다.
..\..\server\event-driven\ga-hook-sdl.cpp(692): warning C4244: '=' : 'double'에서 'uint16_t'(으)로 변환하면서 데이터가 손실될 수 있습니다.
..\..\server\event-driven\ga-hook-sdl.cpp(693): warning C4244: '=' : 'double'에서 'uint16_t'(으)로 변환하면서 데이터가 손실될 수 있습니다.
..\..\server\event-driven\ga-hook-sdl.cpp(715): warning C4244: '=' : 'double'에서 'uint16_t'(으)로 변환하면서 데이터가 손실될 수 있습니다.
..\..\server\event-driven\ga-hook-sdl.cpp(716): warning C4244: '=' : 'double'에서 'uint16_t'(으)로 변환하면서 데이터가 손실될 수 있습니다.
..\..\server\event-driven\ga-hook-sdl.cpp(717): warning C4244: '=' : 'double'에서 'int16_t'(으)로 변환하면서 데이터가 손실될 수 있습니다.
..\..\server\event-driven\ga-hook-sdl.cpp(718): warning C4244: '=' : 'double'에서 'int16_t'(으)로 변환하면서 데이터가 손실될 수 있습니다.
  ga-hook.cpp
d:\pegasus_work\kt_system\gaminganywhere\gaminganywhere\ga\server\event-driven\hook-common.h(26): fatal error C1083: 포함 파일을 열 수 없습니다. 'd3dx9.h': No such file or directory
  hook-function.cpp
d:\pegasus_work\kt_system\gaminganywhere\gaminganywhere\ga\server\event-driven\hook-common.h(26): fatal error C1083: 포함 파일을 열 수 없습니다. 'd3dx9.h': No such file or directory
