D:\pegasus_work\KT_System\GamingAnywhere\GamingAnywhere\ga\vs2010\Debug\asource-system.pdb
D:\pegasus_work\KT_System\GamingAnywhere\GamingAnywhere\ga\vs2010\module-asource-system\Debug\asource-system.dll.intermediate.manifest
D:\pegasus_work\KT_System\GamingAnywhere\GamingAnywhere\ga\vs2010\module-asource-system\Debug\asource-system.obj
D:\pegasus_work\KT_System\GamingAnywhere\GamingAnywhere\ga\vs2010\module-asource-system\Debug\asource-system.write.1.tlog
D:\pegasus_work\KT_System\GamingAnywhere\GamingAnywhere\ga\vs2010\module-asource-system\Debug\cl.command.1.tlog
D:\pegasus_work\KT_System\GamingAnywhere\GamingAnywhere\ga\vs2010\module-asource-system\Debug\CL.read.1.tlog
D:\pegasus_work\KT_System\GamingAnywhere\GamingAnywhere\ga\vs2010\module-asource-system\Debug\CL.write.1.tlog
D:\pegasus_work\KT_System\GamingAnywhere\GamingAnywhere\ga\vs2010\module-asource-system\Debug\ga-win32-wasapi.obj
D:\pegasus_work\KT_System\GamingAnywhere\GamingAnywhere\ga\vs2010\module-asource-system\Debug\link.command.1.tlog
D:\pegasus_work\KT_System\GamingAnywhere\GamingAnywhere\ga\vs2010\module-asource-system\Debug\link.read.1.tlog
D:\pegasus_work\KT_System\GamingAnywhere\GamingAnywhere\ga\vs2010\module-asource-system\Debug\link.write.1.tlog
D:\pegasus_work\KT_System\GamingAnywhere\GamingAnywhere\ga\vs2010\module-asource-system\Debug\mt.command.1.tlog
D:\pegasus_work\KT_System\GamingAnywhere\GamingAnywhere\ga\vs2010\module-asource-system\Debug\mt.read.1.tlog
D:\pegasus_work\KT_System\GamingAnywhere\GamingAnywhere\ga\vs2010\module-asource-system\Debug\mt.write.1.tlog
D:\pegasus_work\KT_System\GamingAnywhere\GamingAnywhere\ga\vs2010\module-asource-system\Debug\vc100.idb
D:\pegasus_work\KT_System\GamingAnywhere\GamingAnywhere\ga\vs2010\module-asource-system\Debug\vc100.pdb
D:\개발\GamingAnyWhere\ga\vs2010\Debug\asource-system.exp
D:\개발\GamingAnyWhere\ga\vs2010\Debug\asource-system.lib
D:\개발\GAMINGANYWHERE\GA\VS2010\DEBUG\ASOURCE-SYSTEM.PDB
D:\개발\GAMINGANYWHERE\GA\VS2010\DEBUG\MOD\ASOURCE-SYSTEM.DLL
D:\개발\GAMINGANYWHERE\GA\VS2010\DEBUG\MOD\ASOURCE-SYSTEM.ILK
D:\개발\GAMINGANYWHERE\GA\VS2010\MODULE-ASOURCE-SYSTEM\DEBUG\ASOURCE-SYSTEM.DLL.INTERMEDIATE.MANIFEST
D:\개발\GAMINGANYWHERE\GA\VS2010\MODULE-ASOURCE-SYSTEM\DEBUG\ASOURCE-SYSTEM.OBJ
D:\개발\GAMINGANYWHERE\GA\VS2010\MODULE-ASOURCE-SYSTEM\DEBUG\GA-WIN32-WASAPI.OBJ
D:\개발\GAMINGANYWHERE\GA\VS2010\MODULE-ASOURCE-SYSTEM\DEBUG\VC100.PDB
