  asource.cpp
  controller.cpp
..\..\core\controller.cpp(144): warning C4018: '>' : signed 또는 unsigned가 일치하지 않습니다.
..\..\core\controller.cpp(197): warning C4996: 'strerror': This function or variable may be unsafe. Consider using strerror_s instead. To disable deprecation, use _CRT_SECURE_NO_WARNINGS. See online help for details.
          C:\Program Files (x86)\Microsoft Visual Studio 10.0\VC\include\string.h(157) : 'strerror' 선언을 참조하십시오.
..\..\core\controller.cpp(228): warning C4996: 'strerror': This function or variable may be unsafe. Consider using strerror_s instead. To disable deprecation, use _CRT_SECURE_NO_WARNINGS. See online help for details.
          C:\Program Files (x86)\Microsoft Visual Studio 10.0\VC\include\string.h(157) : 'strerror' 선언을 참조하십시오.
..\..\core\controller.cpp(237): warning C4996: 'strerror': This function or variable may be unsafe. Consider using strerror_s instead. To disable deprecation, use _CRT_SECURE_NO_WARNINGS. See online help for details.
          C:\Program Files (x86)\Microsoft Visual Studio 10.0\VC\include\string.h(157) : 'strerror' 선언을 참조하십시오.
..\..\core\controller.cpp(283): warning C4996: 'strerror': This function or variable may be unsafe. Consider using strerror_s instead. To disable deprecation, use _CRT_SECURE_NO_WARNINGS. See online help for details.
          C:\Program Files (x86)\Microsoft Visual Studio 10.0\VC\include\string.h(157) : 'strerror' 선언을 참조하십시오.
..\..\core\controller.cpp(292): warning C4996: 'strerror': This function or variable may be unsafe. Consider using strerror_s instead. To disable deprecation, use _CRT_SECURE_NO_WARNINGS. See online help for details.
          C:\Program Files (x86)\Microsoft Visual Studio 10.0\VC\include\string.h(157) : 'strerror' 선언을 참조하십시오.
..\..\core\controller.cpp(338): warning C4996: 'strerror': This function or variable may be unsafe. Consider using strerror_s instead. To disable deprecation, use _CRT_SECURE_NO_WARNINGS. See online help for details.
          C:\Program Files (x86)\Microsoft Visual Studio 10.0\VC\include\string.h(157) : 'strerror' 선언을 참조하십시오.
..\..\core\controller.cpp(344): warning C4996: 'strerror': This function or variable may be unsafe. Consider using strerror_s instead. To disable deprecation, use _CRT_SECURE_NO_WARNINGS. See online help for details.
          C:\Program Files (x86)\Microsoft Visual Studio 10.0\VC\include\string.h(157) : 'strerror' 선언을 참조하십시오.
..\..\core\controller.cpp(350): warning C4996: 'strerror': This function or variable may be unsafe. Consider using strerror_s instead. To disable deprecation, use _CRT_SECURE_NO_WARNINGS. See online help for details.
          C:\Program Files (x86)\Microsoft Visual Studio 10.0\VC\include\string.h(157) : 'strerror' 선언을 참조하십시오.
..\..\core\controller.cpp(400): warning C4996: 'strerror': This function or variable may be unsafe. Consider using strerror_s instead. To disable deprecation, use _CRT_SECURE_NO_WARNINGS. See online help for details.
          C:\Program Files (x86)\Microsoft Visual Studio 10.0\VC\include\string.h(157) : 'strerror' 선언을 참조하십시오.
..\..\core\controller.cpp(407): warning C4996: 'strerror': This function or variable may be unsafe. Consider using strerror_s instead. To disable deprecation, use _CRT_SECURE_NO_WARNINGS. See online help for details.
          C:\Program Files (x86)\Microsoft Visual Studio 10.0\VC\include\string.h(157) : 'strerror' 선언을 참조하십시오.
..\..\core\controller.cpp(437): warning C4996: 'strerror': This function or variable may be unsafe. Consider using strerror_s instead. To disable deprecation, use _CRT_SECURE_NO_WARNINGS. See online help for details.
          C:\Program Files (x86)\Microsoft Visual Studio 10.0\VC\include\string.h(157) : 'strerror' 선언을 참조하십시오.
  dpipe.cpp
  encoder-common.cpp
  ga-avcodec.cpp
  ga-common.cpp
..\..\core\ga-common.cpp(141): warning C4996: 'fopen': This function or variable may be unsafe. Consider using fopen_s instead. To disable deprecation, use _CRT_SECURE_NO_WARNINGS. See online help for details.
          C:\Program Files (x86)\Microsoft Visual Studio 10.0\VC\include\stdio.h(234) : 'fopen' 선언을 참조하십시오.
..\..\core\ga-common.cpp(311): warning C4244: '인수' : 'time_t'에서 'unsigned int'(으)로 변환하면서 데이터가 손실될 수 있습니다.
..\..\core\ga-common.cpp(355): warning C4996: 'fopen': This function or variable may be unsafe. Consider using fopen_s instead. To disable deprecation, use _CRT_SECURE_NO_WARNINGS. See online help for details.
          C:\Program Files (x86)\Microsoft Visual Studio 10.0\VC\include\stdio.h(234) : 'fopen' 선언을 참조하십시오.
..\..\core\ga-common.cpp(389): warning C4996: 'fopen': This function or variable may be unsafe. Consider using fopen_s instead. To disable deprecation, use _CRT_SECURE_NO_WARNINGS. See online help for details.
          C:\Program Files (x86)\Microsoft Visual Studio 10.0\VC\include\stdio.h(234) : 'fopen' 선언을 참조하십시오.
..\..\core\ga-common.cpp(602): warning C4018: '>=' : signed 또는 unsigned가 일치하지 않습니다.
  ga-conf.cpp
..\..\core\ga-conf.cpp(143): warning C4996: '_splitpath': This function or variable may be unsafe. Consider using _splitpath_s instead. To disable deprecation, use _CRT_SECURE_NO_WARNINGS. See online help for details.
          C:\Program Files (x86)\Microsoft Visual Studio 10.0\VC\include\stdlib.h(791) : '_splitpath' 선언을 참조하십시오.
..\..\core\ga-conf.cpp(144): warning C4996: '_makepath': This function or variable may be unsafe. Consider using _makepath_s instead. To disable deprecation, use _CRT_SECURE_NO_WARNINGS. See online help for details.
          C:\Program Files (x86)\Microsoft Visual Studio 10.0\VC\include\stdlib.h(742) : '_makepath' 선언을 참조하십시오.
..\..\core\ga-conf.cpp(219): warning C4996: 'fopen': This function or variable may be unsafe. Consider using fopen_s instead. To disable deprecation, use _CRT_SECURE_NO_WARNINGS. See online help for details.
          C:\Program Files (x86)\Microsoft Visual Studio 10.0\VC\include\stdio.h(234) : 'fopen' 선언을 참조하십시오.
  ga-confvar.cpp
  ga-crc.cpp
..\..\core\ga-crc.cpp(84): warning C4333: '>>' : 오른쪽 시프트 횟수가 너무 커 데이터가 손실됩니다.
  ga-module.cpp
  ga-win32.cpp
..\..\core\ga-win32.cpp(106): warning C4244: '인수' : '__int64'에서 'DWORD'(으)로 변환하면서 데이터가 손실될 수 있습니다.
  libga.cpp
  rtspconf.cpp
  vconverter.cpp
  vsource.cpp
..\..\core\vsource.cpp(685): warning C4005: 'max' : 매크로 재정의
          C:\Program Files (x86)\Microsoft SDKs\Windows\v7.0A\include\windef.h(190) : 'max'의 이전 정의를 참조하십시오.
     D:\Develop\GamingAnyWhere\ga\vs2010\Release\libga.lib 라이브러리 및 D:\Develop\GamingAnyWhere\ga\vs2010\Release\libga.exp 개체를 생성하고 있습니다.
  코드를 생성하고 있습니다.
  코드를 생성했습니다.
  libga.vcxproj -> D:\Develop\GamingAnyWhere\ga\vs2010\Release\libga.dll
