C:\DEVELOP\GAMINGANYWHERE\GA\VS2010\LIBGA\RELEASE\ASOURCE.OBJ
C:\Develop\GamingAnyWhere\ga\vs2010\libga\Release\cl.command.1.tlog
C:\Develop\GamingAnyWhere\ga\vs2010\libga\Release\CL.read.1.tlog
C:\Develop\GamingAnyWhere\ga\vs2010\libga\Release\CL.write.1.tlog
C:\DEVELOP\GAMINGANYWHERE\GA\VS2010\LIBGA\RELEASE\CONTROLLER.OBJ
C:\DEVELOP\GAMINGANYWHERE\GA\VS2010\LIBGA\RELEASE\DPIPE.OBJ
C:\DEVELOP\GAMINGANYWHERE\GA\VS2010\LIBGA\RELEASE\ENCODER-COMMON.OBJ
C:\DEVELOP\GAMINGANYWHERE\GA\VS2010\LIBGA\RELEASE\GA-AVCODEC.OBJ
C:\DEVELOP\GAMINGANYWHERE\GA\VS2010\LIBGA\RELEASE\GA-COMMON.OBJ
C:\DEVELOP\GAMINGANYWHERE\GA\VS2010\LIBGA\RELEASE\GA-CONF.OBJ
C:\DEVELOP\GAMINGANYWHERE\GA\VS2010\LIBGA\RELEASE\GA-CONFVAR.OBJ
C:\DEVELOP\GAMINGANYWHERE\GA\VS2010\LIBGA\RELEASE\GA-CRC.OBJ
C:\DEVELOP\GAMINGANYWHERE\GA\VS2010\LIBGA\RELEASE\GA-MODULE.OBJ
C:\DEVELOP\GAMINGANYWHERE\GA\VS2010\LIBGA\RELEASE\GA-WIN32.OBJ
C:\DEVELOP\GAMINGANYWHERE\GA\VS2010\LIBGA\RELEASE\LIBGA.DLL.INTERMEDIATE.MANIFEST
C:\DEVELOP\GAMINGANYWHERE\GA\VS2010\LIBGA\RELEASE\LIBGA.OBJ
C:\Develop\GamingAnyWhere\ga\vs2010\libga\Release\libga.vcxprojResolveAssemblyReference.cache
C:\Develop\GamingAnyWhere\ga\vs2010\libga\Release\libga.write.1.tlog
C:\Develop\GamingAnyWhere\ga\vs2010\libga\Release\link.command.1.tlog
C:\Develop\GamingAnyWhere\ga\vs2010\libga\Release\link.read.1.tlog
C:\Develop\GamingAnyWhere\ga\vs2010\libga\Release\link.write.1.tlog
C:\Develop\GamingAnyWhere\ga\vs2010\libga\Release\mt.command.1.tlog
C:\Develop\GamingAnyWhere\ga\vs2010\libga\Release\mt.read.1.tlog
C:\Develop\GamingAnyWhere\ga\vs2010\libga\Release\mt.write.1.tlog
C:\DEVELOP\GAMINGANYWHERE\GA\VS2010\LIBGA\RELEASE\RTSPCONF.OBJ
C:\DEVELOP\GAMINGANYWHERE\GA\VS2010\LIBGA\RELEASE\VC100.PDB
C:\DEVELOP\GAMINGANYWHERE\GA\VS2010\LIBGA\RELEASE\VCONVERTER.OBJ
C:\DEVELOP\GAMINGANYWHERE\GA\VS2010\LIBGA\RELEASE\VSOURCE.OBJ
C:\DEVELOP\GAMINGANYWHERE\GA\VS2010\RELEASE\LIBGA.DLL
C:\Develop\GamingAnyWhere\ga\vs2010\Release\libga.exp
C:\Develop\GamingAnyWhere\ga\vs2010\Release\libga.lib
C:\DEVELOP\GAMINGANYWHERE\GA\VS2010\RELEASE\LIBGA.PDB
