D:\PEGASUS_WORK\KT_SYSTEM\GAMINGANYWHERE\GAMINGANYWHERE\GA\VS2010\DEBUG\GA-HOOK.DLL
D:\pegasus_work\KT_System\GamingAnywhere\GamingAnywhere\ga\vs2010\Debug\ga-hook.exp
D:\PEGASUS_WORK\KT_SYSTEM\GAMINGANYWHERE\GAMINGANYWHERE\GA\VS2010\DEBUG\GA-HOOK.ILK
D:\pegasus_work\KT_System\GamingAnywhere\GamingAnywhere\ga\vs2010\Debug\ga-hook.lib
D:\PEGASUS_WORK\KT_SYSTEM\GAMINGANYWHERE\GAMINGANYWHERE\GA\VS2010\DEBUG\GA-HOOK.PDB
D:\pegasus_work\KT_System\GamingAnywhere\GamingAnywhere\ga\vs2010\ga-hook\Debug\cl.command.1.tlog
D:\pegasus_work\KT_System\GamingAnywhere\GamingAnywhere\ga\vs2010\ga-hook\Debug\CL.read.1.tlog
D:\pegasus_work\KT_System\GamingAnywhere\GamingAnywhere\ga\vs2010\ga-hook\Debug\CL.write.1.tlog
D:\PEGASUS_WORK\KT_SYSTEM\GAMINGANYWHERE\GAMINGANYWHERE\GA\VS2010\GA-HOOK\DEBUG\CTRL-SDL.OBJ
D:\PEGASUS_WORK\KT_SYSTEM\GAMINGANYWHERE\GAMINGANYWHERE\GA\VS2010\GA-HOOK\DEBUG\GA-HOOK.DLL.INTERMEDIATE.MANIFEST
D:\PEGASUS_WORK\KT_SYSTEM\GAMINGANYWHERE\GAMINGANYWHERE\GA\VS2010\GA-HOOK\DEBUG\GA-HOOK.OBJ
D:\pegasus_work\KT_System\GamingAnywhere\GamingAnywhere\ga\vs2010\ga-hook\Debug\ga-hook.vcxprojResolveAssemblyReference.cache
D:\pegasus_work\KT_System\GamingAnywhere\GamingAnywhere\ga\vs2010\ga-hook\Debug\ga-hook.write.1.tlog
D:\PEGASUS_WORK\KT_SYSTEM\GAMINGANYWHERE\GAMINGANYWHERE\GA\VS2010\GA-HOOK\DEBUG\GA-HOOK-COMMON.OBJ
D:\PEGASUS_WORK\KT_SYSTEM\GAMINGANYWHERE\GAMINGANYWHERE\GA\VS2010\GA-HOOK\DEBUG\GA-HOOK-COREAUDIO.OBJ
D:\PEGASUS_WORK\KT_SYSTEM\GAMINGANYWHERE\GAMINGANYWHERE\GA\VS2010\GA-HOOK\DEBUG\GA-HOOK-SDL.OBJ
D:\PEGASUS_WORK\KT_SYSTEM\GAMINGANYWHERE\GAMINGANYWHERE\GA\VS2010\GA-HOOK\DEBUG\GA-HOOK-SDLAUDIO.OBJ
D:\PEGASUS_WORK\KT_SYSTEM\GAMINGANYWHERE\GAMINGANYWHERE\GA\VS2010\GA-HOOK\DEBUG\HOOK-FUNCTION.OBJ
D:\pegasus_work\KT_System\GamingAnywhere\GamingAnywhere\ga\vs2010\ga-hook\Debug\link.command.1.tlog
D:\pegasus_work\KT_System\GamingAnywhere\GamingAnywhere\ga\vs2010\ga-hook\Debug\link.read.1.tlog
D:\pegasus_work\KT_System\GamingAnywhere\GamingAnywhere\ga\vs2010\ga-hook\Debug\link.write.1.tlog
D:\pegasus_work\KT_System\GamingAnywhere\GamingAnywhere\ga\vs2010\ga-hook\Debug\mt.command.1.tlog
D:\pegasus_work\KT_System\GamingAnywhere\GamingAnywhere\ga\vs2010\ga-hook\Debug\mt.read.1.tlog
D:\pegasus_work\KT_System\GamingAnywhere\GamingAnywhere\ga\vs2010\ga-hook\Debug\mt.write.1.tlog
D:\pegasus_work\KT_System\GamingAnywhere\GamingAnywhere\ga\vs2010\ga-hook\Debug\vc100.idb
D:\PEGASUS_WORK\KT_SYSTEM\GAMINGANYWHERE\GAMINGANYWHERE\GA\VS2010\GA-HOOK\DEBUG\VC100.PDB
D:\개발\GAMINGANYWHERE\GA\VS2010\DEBUG\GA-HOOK.DLL
D:\개발\GamingAnyWhere\ga\vs2010\Debug\ga-hook.exp
D:\개발\GAMINGANYWHERE\GA\VS2010\DEBUG\GA-HOOK.ILK
D:\개발\GamingAnyWhere\ga\vs2010\Debug\ga-hook.lib
D:\개발\GAMINGANYWHERE\GA\VS2010\DEBUG\GA-HOOK.PDB
D:\개발\GAMINGANYWHERE\GA\VS2010\GA-HOOK\DEBUG\CTRL-SDL.OBJ
D:\개발\GAMINGANYWHERE\GA\VS2010\GA-HOOK\DEBUG\GA-HOOK.DLL.INTERMEDIATE.MANIFEST
D:\개발\GAMINGANYWHERE\GA\VS2010\GA-HOOK\DEBUG\GA-HOOK.OBJ
D:\개발\GAMINGANYWHERE\GA\VS2010\GA-HOOK\DEBUG\GA-HOOK-COMMON.OBJ
D:\개발\GAMINGANYWHERE\GA\VS2010\GA-HOOK\DEBUG\GA-HOOK-COREAUDIO.OBJ
D:\개발\GAMINGANYWHERE\GA\VS2010\GA-HOOK\DEBUG\GA-HOOK-SDL.OBJ
D:\개발\GAMINGANYWHERE\GA\VS2010\GA-HOOK\DEBUG\GA-HOOK-SDLAUDIO.OBJ
D:\개발\GAMINGANYWHERE\GA\VS2010\GA-HOOK\DEBUG\HOOK-FUNCTION.OBJ
D:\개발\GAMINGANYWHERE\GA\VS2010\GA-HOOK\DEBUG\VC100.PDB
