D:\pegasus_work\KT_System\GamingAnywhere\GamingAnywhere\ga\vs2010\Debug\vsource-desktop.pdb
D:\pegasus_work\KT_System\GamingAnywhere\GamingAnywhere\ga\vs2010\module-vsource-desktop\Debug\cl.command.1.tlog
D:\pegasus_work\KT_System\GamingAnywhere\GamingAnywhere\ga\vs2010\module-vsource-desktop\Debug\CL.read.1.tlog
D:\pegasus_work\KT_System\GamingAnywhere\GamingAnywhere\ga\vs2010\module-vsource-desktop\Debug\CL.write.1.tlog
D:\pegasus_work\KT_System\GamingAnywhere\GamingAnywhere\ga\vs2010\module-vsource-desktop\Debug\ga-win32-common.obj
D:\pegasus_work\KT_System\GamingAnywhere\GamingAnywhere\ga\vs2010\module-vsource-desktop\Debug\ga-win32-gdi.obj
D:\pegasus_work\KT_System\GamingAnywhere\GamingAnywhere\ga\vs2010\module-vsource-desktop\Debug\link.command.1.tlog
D:\pegasus_work\KT_System\GamingAnywhere\GamingAnywhere\ga\vs2010\module-vsource-desktop\Debug\link.read.1.tlog
D:\pegasus_work\KT_System\GamingAnywhere\GamingAnywhere\ga\vs2010\module-vsource-desktop\Debug\link.write.1.tlog
D:\pegasus_work\KT_System\GamingAnywhere\GamingAnywhere\ga\vs2010\module-vsource-desktop\Debug\mt.command.1.tlog
D:\pegasus_work\KT_System\GamingAnywhere\GamingAnywhere\ga\vs2010\module-vsource-desktop\Debug\mt.read.1.tlog
D:\pegasus_work\KT_System\GamingAnywhere\GamingAnywhere\ga\vs2010\module-vsource-desktop\Debug\mt.write.1.tlog
D:\pegasus_work\KT_System\GamingAnywhere\GamingAnywhere\ga\vs2010\module-vsource-desktop\Debug\vc100.idb
D:\pegasus_work\KT_System\GamingAnywhere\GamingAnywhere\ga\vs2010\module-vsource-desktop\Debug\vc100.pdb
D:\pegasus_work\KT_System\GamingAnywhere\GamingAnywhere\ga\vs2010\module-vsource-desktop\Debug\vsource-desktop.dll.intermediate.manifest
D:\pegasus_work\KT_System\GamingAnywhere\GamingAnywhere\ga\vs2010\module-vsource-desktop\Debug\vsource-desktop.obj
D:\pegasus_work\KT_System\GamingAnywhere\GamingAnywhere\ga\vs2010\module-vsource-desktop\Debug\vsource-desktop.write.1.tlog
D:\개발\GAMINGANYWHERE\GA\VS2010\DEBUG\MOD\VSOURCE-DESKTOP.DLL
D:\개발\GAMINGANYWHERE\GA\VS2010\DEBUG\MOD\VSOURCE-DESKTOP.ILK
D:\개발\GamingAnyWhere\ga\vs2010\Debug\vsource-desktop.exp
D:\개발\GamingAnyWhere\ga\vs2010\Debug\vsource-desktop.lib
D:\개발\GAMINGANYWHERE\GA\VS2010\DEBUG\VSOURCE-DESKTOP.PDB
D:\개발\GAMINGANYWHERE\GA\VS2010\MODULE-VSOURCE-DESKTOP\DEBUG\GA-WIN32-COMMON.OBJ
D:\개발\GAMINGANYWHERE\GA\VS2010\MODULE-VSOURCE-DESKTOP\DEBUG\GA-WIN32-GDI.OBJ
D:\개발\GAMINGANYWHERE\GA\VS2010\MODULE-VSOURCE-DESKTOP\DEBUG\VC100.PDB
D:\개발\GAMINGANYWHERE\GA\VS2010\MODULE-VSOURCE-DESKTOP\DEBUG\VSOURCE-DESKTOP.DLL.INTERMEDIATE.MANIFEST
D:\개발\GAMINGANYWHERE\GA\VS2010\MODULE-VSOURCE-DESKTOP\DEBUG\VSOURCE-DESKTOP.OBJ
