D:\DEVELOP\GAMINGANYWHERE\GA\VS2010\DEBUG\GA-CLIENT.EXE
D:\DEVELOP\GAMINGANYWHERE\GA\VS2010\DEBUG\GA-CLIENT.ILK
D:\DEVELOP\GAMINGANYWHERE\GA\VS2010\DEBUG\GA-CLIENT.PDB
D:\Develop\GamingAnyWhere\ga\vs2010\ga-client\Debug\cl.command.1.tlog
D:\Develop\GamingAnyWhere\ga\vs2010\ga-client\Debug\CL.read.1.tlog
D:\Develop\GamingAnyWhere\ga\vs2010\ga-client\Debug\CL.write.1.tlog
D:\DEVELOP\GAMINGANYWHERE\GA\VS2010\GA-CLIENT\DEBUG\CTRL-SDL.OBJ
D:\DEVELOP\GAMINGANYWHERE\GA\VS2010\GA-CLIENT\DEBUG\GA-CLIENT.EXE.INTERMEDIATE.MANIFEST
D:\DEVELOP\GAMINGANYWHERE\GA\VS2010\GA-CLIENT\DEBUG\GA-CLIENT.OBJ
D:\Develop\GamingAnyWhere\ga\vs2010\ga-client\Debug\ga-client.write.1.tlog
D:\Develop\GamingAnyWhere\ga\vs2010\ga-client\Debug\link.command.1.tlog
D:\Develop\GamingAnyWhere\ga\vs2010\ga-client\Debug\link.read.1.tlog
D:\Develop\GamingAnyWhere\ga\vs2010\ga-client\Debug\link.write.1.tlog
D:\DEVELOP\GAMINGANYWHERE\GA\VS2010\GA-CLIENT\DEBUG\MINIH264.OBJ
D:\DEVELOP\GAMINGANYWHERE\GA\VS2010\GA-CLIENT\DEBUG\MINIVP8.OBJ
D:\Develop\GamingAnyWhere\ga\vs2010\ga-client\Debug\mt.command.1.tlog
D:\Develop\GamingAnyWhere\ga\vs2010\ga-client\Debug\mt.read.1.tlog
D:\Develop\GamingAnyWhere\ga\vs2010\ga-client\Debug\mt.write.1.tlog
D:\DEVELOP\GAMINGANYWHERE\GA\VS2010\GA-CLIENT\DEBUG\QOSREPORT.OBJ
D:\DEVELOP\GAMINGANYWHERE\GA\VS2010\GA-CLIENT\DEBUG\RTSPCLIENT.OBJ
D:\Develop\GamingAnyWhere\ga\vs2010\ga-client\Debug\vc100.idb
D:\DEVELOP\GAMINGANYWHERE\GA\VS2010\GA-CLIENT\DEBUG\VC100.PDB
