D:\pegasus_work\KT_System\GamingAnywhere\GamingAnywhere\ga\vs2010\Debug\ga-server-event-driven.exe
D:\pegasus_work\KT_System\GamingAnywhere\GamingAnywhere\ga\vs2010\Debug\ga-server-event-driven.ilk
D:\pegasus_work\KT_System\GamingAnywhere\GamingAnywhere\ga\vs2010\Debug\ga-server-event-driven.pdb
D:\pegasus_work\KT_System\GamingAnywhere\GamingAnywhere\ga\vs2010\ga-server-event-driven\Debug\cl.command.1.tlog
D:\pegasus_work\KT_System\GamingAnywhere\GamingAnywhere\ga\vs2010\ga-server-event-driven\Debug\CL.read.1.tlog
D:\pegasus_work\KT_System\GamingAnywhere\GamingAnywhere\ga\vs2010\ga-server-event-driven\Debug\CL.write.1.tlog
D:\pegasus_work\KT_System\GamingAnywhere\GamingAnywhere\ga\vs2010\ga-server-event-driven\Debug\ga-server-event-driven.exe.intermediate.manifest
D:\pegasus_work\KT_System\GamingAnywhere\GamingAnywhere\ga\vs2010\ga-server-event-driven\Debug\ga-server-event-driven.obj
D:\pegasus_work\KT_System\GamingAnywhere\GamingAnywhere\ga\vs2010\ga-server-event-driven\Debug\ga-server-event-driven.write.1.tlog
D:\pegasus_work\KT_System\GamingAnywhere\GamingAnywhere\ga\vs2010\ga-server-event-driven\Debug\link.command.1.tlog
D:\pegasus_work\KT_System\GamingAnywhere\GamingAnywhere\ga\vs2010\ga-server-event-driven\Debug\link.read.1.tlog
D:\pegasus_work\KT_System\GamingAnywhere\GamingAnywhere\ga\vs2010\ga-server-event-driven\Debug\link.write.1.tlog
D:\pegasus_work\KT_System\GamingAnywhere\GamingAnywhere\ga\vs2010\ga-server-event-driven\Debug\mt.command.1.tlog
D:\pegasus_work\KT_System\GamingAnywhere\GamingAnywhere\ga\vs2010\ga-server-event-driven\Debug\mt.read.1.tlog
D:\pegasus_work\KT_System\GamingAnywhere\GamingAnywhere\ga\vs2010\ga-server-event-driven\Debug\mt.write.1.tlog
D:\pegasus_work\KT_System\GamingAnywhere\GamingAnywhere\ga\vs2010\ga-server-event-driven\Debug\vc100.idb
D:\pegasus_work\KT_System\GamingAnywhere\GamingAnywhere\ga\vs2010\ga-server-event-driven\Debug\vc100.pdb
D:\개발\GAMINGANYWHERE\GA\VS2010\DEBUG\GA-SERVER-EVENT-DRIVEN.EXE
D:\개발\GAMINGANYWHERE\GA\VS2010\DEBUG\GA-SERVER-EVENT-DRIVEN.ILK
D:\개발\GAMINGANYWHERE\GA\VS2010\DEBUG\GA-SERVER-EVENT-DRIVEN.PDB
D:\개발\GAMINGANYWHERE\GA\VS2010\GA-SERVER-EVENT-DRIVEN\DEBUG\GA-SERVER-EVENT-DRIVEN.EXE.INTERMEDIATE.MANIFEST
D:\개발\GAMINGANYWHERE\GA\VS2010\GA-SERVER-EVENT-DRIVEN\DEBUG\GA-SERVER-EVENT-DRIVEN.OBJ
D:\개발\GAMINGANYWHERE\GA\VS2010\GA-SERVER-EVENT-DRIVEN\DEBUG\VC100.PDB
