D:\pegasus_work\KT_System\GamingAnywhere\GamingAnywhere\ga\vs2010\ga-client\Release\cl.command.1.tlog
D:\pegasus_work\KT_System\GamingAnywhere\GamingAnywhere\ga\vs2010\ga-client\Release\CL.read.1.tlog
D:\pegasus_work\KT_System\GamingAnywhere\GamingAnywhere\ga\vs2010\ga-client\Release\CL.write.1.tlog
D:\PEGASUS_WORK\KT_SYSTEM\GAMINGANYWHERE\GAMINGANYWHERE\GA\VS2010\GA-CLIENT\RELEASE\CTRL-SDL.OBJ
D:\PEGASUS_WORK\KT_SYSTEM\GAMINGANYWHERE\GAMINGANYWHERE\GA\VS2010\GA-CLIENT\RELEASE\GA-CLIENT.EXE.INTERMEDIATE.MANIFEST
D:\PEGASUS_WORK\KT_SYSTEM\GAMINGANYWHERE\GAMINGANYWHERE\GA\VS2010\GA-CLIENT\RELEASE\GA-CLIENT.OBJ
D:\pegasus_work\KT_System\GamingAnywhere\GamingAnywhere\ga\vs2010\ga-client\Release\ga-client.write.1.tlog
D:\pegasus_work\KT_System\GamingAnywhere\GamingAnywhere\ga\vs2010\ga-client\Release\link.command.1.tlog
D:\pegasus_work\KT_System\GamingAnywhere\GamingAnywhere\ga\vs2010\ga-client\Release\link.read.1.tlog
D:\pegasus_work\KT_System\GamingAnywhere\GamingAnywhere\ga\vs2010\ga-client\Release\link.write.1.tlog
D:\PEGASUS_WORK\KT_SYSTEM\GAMINGANYWHERE\GAMINGANYWHERE\GA\VS2010\GA-CLIENT\RELEASE\MINIH264.OBJ
D:\PEGASUS_WORK\KT_SYSTEM\GAMINGANYWHERE\GAMINGANYWHERE\GA\VS2010\GA-CLIENT\RELEASE\MINIVP8.OBJ
D:\pegasus_work\KT_System\GamingAnywhere\GamingAnywhere\ga\vs2010\ga-client\Release\mt.command.1.tlog
D:\pegasus_work\KT_System\GamingAnywhere\GamingAnywhere\ga\vs2010\ga-client\Release\mt.read.1.tlog
D:\pegasus_work\KT_System\GamingAnywhere\GamingAnywhere\ga\vs2010\ga-client\Release\mt.write.1.tlog
D:\PEGASUS_WORK\KT_SYSTEM\GAMINGANYWHERE\GAMINGANYWHERE\GA\VS2010\GA-CLIENT\RELEASE\QOSREPORT.OBJ
D:\PEGASUS_WORK\KT_SYSTEM\GAMINGANYWHERE\GAMINGANYWHERE\GA\VS2010\GA-CLIENT\RELEASE\RTSPCLIENT.OBJ
D:\PEGASUS_WORK\KT_SYSTEM\GAMINGANYWHERE\GAMINGANYWHERE\GA\VS2010\GA-CLIENT\RELEASE\VC100.PDB
D:\PEGASUS_WORK\KT_SYSTEM\GAMINGANYWHERE\GAMINGANYWHERE\GA\VS2010\RELEASE\GA-CLIENT.EXE
D:\PEGASUS_WORK\KT_SYSTEM\GAMINGANYWHERE\GAMINGANYWHERE\GA\VS2010\RELEASE\GA-CLIENT.PDB
D:\개발\GAMINGANYWHERE\GA\VS2010\GA-CLIENT\RELEASE\VC100.PDB
