D:\DEVELOP\GAMINGANYWHERE\GA\VS2010\DEBUG\MOD\VSOURCE-DESKTOP-DFM.DLL
D:\DEVELOP\GAMINGANYWHERE\GA\VS2010\DEBUG\MOD\VSOURCE-DESKTOP-DFM.ILK
D:\Develop\GamingAnyWhere\ga\vs2010\Debug\vsource-desktop-dfm.exp
D:\Develop\GamingAnyWhere\ga\vs2010\Debug\vsource-desktop-dfm.lib
D:\DEVELOP\GAMINGANYWHERE\GA\VS2010\DEBUG\VSOURCE-DESKTOP-DFM.PDB
D:\Develop\GamingAnyWhere\ga\vs2010\module-vsource-desktop-dfm\Debug\cl.command.1.tlog
D:\Develop\GamingAnyWhere\ga\vs2010\module-vsource-desktop-dfm\Debug\CL.read.1.tlog
D:\Develop\GamingAnyWhere\ga\vs2010\module-vsource-desktop-dfm\Debug\CL.write.1.tlog
D:\DEVELOP\GAMINGANYWHERE\GA\VS2010\MODULE-VSOURCE-DESKTOP-DFM\DEBUG\GA-WIN32-COMMON.OBJ
D:\DEVELOP\GAMINGANYWHERE\GA\VS2010\MODULE-VSOURCE-DESKTOP-DFM\DEBUG\GA-WIN32-DFM.OBJ
D:\Develop\GamingAnyWhere\ga\vs2010\module-vsource-desktop-dfm\Debug\link.command.1.tlog
D:\Develop\GamingAnyWhere\ga\vs2010\module-vsource-desktop-dfm\Debug\link.read.1.tlog
D:\Develop\GamingAnyWhere\ga\vs2010\module-vsource-desktop-dfm\Debug\link.write.1.tlog
D:\Develop\GamingAnyWhere\ga\vs2010\module-vsource-desktop-dfm\Debug\mt.command.1.tlog
D:\Develop\GamingAnyWhere\ga\vs2010\module-vsource-desktop-dfm\Debug\mt.read.1.tlog
D:\Develop\GamingAnyWhere\ga\vs2010\module-vsource-desktop-dfm\Debug\mt.write.1.tlog
D:\Develop\GamingAnyWhere\ga\vs2010\module-vsource-desktop-dfm\Debug\vc100.idb
D:\DEVELOP\GAMINGANYWHERE\GA\VS2010\MODULE-VSOURCE-DESKTOP-DFM\DEBUG\VC100.PDB
D:\DEVELOP\GAMINGANYWHERE\GA\VS2010\MODULE-VSOURCE-DESKTOP-DFM\DEBUG\VSOURCE-DESKTOP.OBJ
D:\DEVELOP\GAMINGANYWHERE\GA\VS2010\MODULE-VSOURCE-DESKTOP-DFM\DEBUG\VSOURCE-DESKTOP-DFM.DLL.INTERMEDIATE.MANIFEST
D:\Develop\GamingAnyWhere\ga\vs2010\module-vsource-desktop-dfm\Debug\vsource-desktop-dfm.write.1.tlog
